mode: set
github.com/cirglo.com/dfs/cmd/nodeserver/main.go:17.13,31.16 12 0
github.com/cirglo.com/dfs/cmd/nodeserver/main.go:31.16,33.3 1 0
github.com/cirglo.com/dfs/cmd/nodeserver/main.go:35.2,39.16 4 0
github.com/cirglo.com/dfs/cmd/nodeserver/main.go:39.16,41.3 1 0
github.com/cirglo.com/dfs/cmd/nodeserver/main.go:43.2,45.16 3 0
github.com/cirglo.com/dfs/cmd/nodeserver/main.go:45.16,47.3 1 0
github.com/cirglo.com/dfs/cmd/nodeserver/main.go:49.2,53.16 4 0
github.com/cirglo.com/dfs/cmd/nodeserver/main.go:53.16,55.3 1 0
github.com/cirglo.com/dfs/cmd/nodeserver/main.go:56.2,68.16 5 0
github.com/cirglo.com/dfs/cmd/nodeserver/main.go:68.16,70.3 1 0
github.com/cirglo.com/dfs/cmd/nodeserver/main.go:72.2,74.16 3 0
github.com/cirglo.com/dfs/cmd/nodeserver/main.go:74.16,76.3 1 0
github.com/cirglo.com/dfs/cmd/nodeserver/main.go:78.2,84.16 3 0
github.com/cirglo.com/dfs/cmd/nodeserver/main.go:84.16,86.3 1 0
github.com/cirglo.com/dfs/cmd/nodeserver/main.go:88.2,90.16 3 0
github.com/cirglo.com/dfs/cmd/nodeserver/main.go:90.16,92.3 1 0
github.com/cirglo.com/dfs/cmd/nodeserver/main.go:94.2,98.51 4 0
github.com/cirglo.com/dfs/cmd/nodeserver/main.go:98.51,100.3 1 0
github.com/cirglo.com/dfs/cmd/nodeserver/main.go:102.2,102.12 1 0
github.com/cirglo.com/dfs/cmd/nodeserver/main.go:102.12,104.22 2 0
github.com/cirglo.com/dfs/cmd/nodeserver/main.go:104.22,107.18 3 0
github.com/cirglo.com/dfs/cmd/nodeserver/main.go:107.18,109.5 1 0
github.com/cirglo.com/dfs/cmd/nodeserver/main.go:110.4,110.37 1 0
github.com/cirglo.com/dfs/cmd/nodeserver/main.go:114.2,114.12 1 0
github.com/cirglo.com/dfs/cmd/nodeserver/main.go:114.12,116.22 2 0
github.com/cirglo.com/dfs/cmd/nodeserver/main.go:116.22,119.18 3 0
github.com/cirglo.com/dfs/cmd/nodeserver/main.go:119.18,121.5 1 0
github.com/cirglo.com/dfs/cmd/nodeserver/main.go:122.4,122.33 1 0
github.com/cirglo.com/dfs/cmd/nodeserver/main.go:126.2,126.12 1 0
github.com/cirglo.com/dfs/cmd/nodeserver/main.go:126.12,128.22 2 0
github.com/cirglo.com/dfs/cmd/nodeserver/main.go:128.22,131.18 3 0
github.com/cirglo.com/dfs/cmd/nodeserver/main.go:131.18,133.5 1 0
github.com/cirglo.com/dfs/cmd/nodeserver/main.go:134.4,134.39 1 0
github.com/cirglo.com/dfs/cmd/nodeserver/main.go:140.59,145.16 2 0
github.com/cirglo.com/dfs/cmd/nodeserver/main.go:145.16,147.3 1 0
github.com/cirglo.com/dfs/cmd/nodeserver/main.go:148.2,149.16 2 0
github.com/cirglo.com/dfs/cmd/nodeserver/main.go:149.16,151.3 1 0
github.com/cirglo.com/dfs/cmd/nodeserver/main.go:153.2,153.16 1 0
github.com/cirglo.com/dfs/cmd/nameserver/main.go:19.13,39.16 18 0
github.com/cirglo.com/dfs/cmd/nameserver/main.go:39.16,41.3 1 0
github.com/cirglo.com/dfs/cmd/nameserver/main.go:43.2,46.23 3 0
github.com/cirglo.com/dfs/cmd/nameserver/main.go:47.16,48.36 1 0
github.com/cirglo.com/dfs/cmd/nameserver/main.go:49.18,50.38 1 0
github.com/cirglo.com/dfs/cmd/nameserver/main.go:51.15,52.35 1 0
github.com/cirglo.com/dfs/cmd/nameserver/main.go:53.10,54.59 1 0
github.com/cirglo.com/dfs/cmd/nameserver/main.go:57.2,59.16 3 0
github.com/cirglo.com/dfs/cmd/nameserver/main.go:59.16,61.3 1 0
github.com/cirglo.com/dfs/cmd/nameserver/main.go:63.2,64.16 2 0
github.com/cirglo.com/dfs/cmd/nameserver/main.go:64.16,66.3 1 0
github.com/cirglo.com/dfs/cmd/nameserver/main.go:67.2,75.16 7 0
github.com/cirglo.com/dfs/cmd/nameserver/main.go:75.16,77.3 1 0
github.com/cirglo.com/dfs/cmd/nameserver/main.go:78.2,86.16 4 0
github.com/cirglo.com/dfs/cmd/nameserver/main.go:86.16,88.3 1 0
github.com/cirglo.com/dfs/cmd/nameserver/main.go:90.2,94.16 2 0
github.com/cirglo.com/dfs/cmd/nameserver/main.go:94.16,96.3 1 0
github.com/cirglo.com/dfs/cmd/nameserver/main.go:98.2,111.16 4 0
github.com/cirglo.com/dfs/cmd/nameserver/main.go:111.16,113.3 1 0
github.com/cirglo.com/dfs/cmd/nameserver/main.go:115.2,122.16 4 0
github.com/cirglo.com/dfs/cmd/nameserver/main.go:122.16,124.3 1 0
github.com/cirglo.com/dfs/cmd/nameserver/main.go:126.2,130.12 4 0
github.com/cirglo.com/dfs/cmd/nameserver/main.go:130.12,132.17 2 0
github.com/cirglo.com/dfs/cmd/nameserver/main.go:132.17,135.4 2 0
github.com/cirglo.com/dfs/cmd/nameserver/main.go:138.2,139.51 2 0
github.com/cirglo.com/dfs/cmd/nameserver/main.go:139.51,141.3 1 0
github.com/cirglo.com/dfs/cmd/nameserver/main.go:144.59,149.16 2 0
github.com/cirglo.com/dfs/cmd/nameserver/main.go:149.16,151.3 1 0
github.com/cirglo.com/dfs/cmd/nameserver/main.go:152.2,160.16 2 0
github.com/cirglo.com/dfs/cmd/nameserver/main.go:160.16,162.3 1 0
github.com/cirglo.com/dfs/cmd/nameserver/main.go:164.2,164.16 1 0
github.com/cirglo.com/dfs/pkg/mocks/BlockService.go:19.57,21.2 1 0
github.com/cirglo.com/dfs/pkg/mocks/BlockService.go:24.54,27.19 2 0
github.com/cirglo.com/dfs/pkg/mocks/BlockService.go:27.19,28.53 1 0
github.com/cirglo.com/dfs/pkg/mocks/BlockService.go:31.2,32.51 2 0
github.com/cirglo.com/dfs/pkg/mocks/BlockService.go:32.51,34.3 1 0
github.com/cirglo.com/dfs/pkg/mocks/BlockService.go:34.8,36.3 1 0
github.com/cirglo.com/dfs/pkg/mocks/BlockService.go:38.2,38.11 1 0
github.com/cirglo.com/dfs/pkg/mocks/BlockService.go:48.93,50.2 1 0
github.com/cirglo.com/dfs/pkg/mocks/BlockService.go:52.98,53.40 1 0
github.com/cirglo.com/dfs/pkg/mocks/BlockService.go:53.40,55.3 1 0
github.com/cirglo.com/dfs/pkg/mocks/BlockService.go:56.2,56.11 1 0
github.com/cirglo.com/dfs/pkg/mocks/BlockService.go:59.91,62.2 2 0
github.com/cirglo.com/dfs/pkg/mocks/BlockService.go:64.110,67.2 2 0
github.com/cirglo.com/dfs/pkg/mocks/BlockService.go:70.57,73.19 2 0
github.com/cirglo.com/dfs/pkg/mocks/BlockService.go:73.19,74.53 1 0
github.com/cirglo.com/dfs/pkg/mocks/BlockService.go:77.2,79.57 3 0
github.com/cirglo.com/dfs/pkg/mocks/BlockService.go:79.57,81.3 1 0
github.com/cirglo.com/dfs/pkg/mocks/BlockService.go:82.2,82.48 1 0
github.com/cirglo.com/dfs/pkg/mocks/BlockService.go:82.48,84.3 1 0
github.com/cirglo.com/dfs/pkg/mocks/BlockService.go:84.8,85.24 1 0
github.com/cirglo.com/dfs/pkg/mocks/BlockService.go:85.24,87.4 1 0
github.com/cirglo.com/dfs/pkg/mocks/BlockService.go:90.2,90.45 1 0
github.com/cirglo.com/dfs/pkg/mocks/BlockService.go:90.45,92.3 1 0
github.com/cirglo.com/dfs/pkg/mocks/BlockService.go:92.8,94.3 1 0
github.com/cirglo.com/dfs/pkg/mocks/BlockService.go:96.2,96.15 1 0
github.com/cirglo.com/dfs/pkg/mocks/BlockService.go:105.79,107.2 1 0
github.com/cirglo.com/dfs/pkg/mocks/BlockService.go:109.89,110.40 1 0
github.com/cirglo.com/dfs/pkg/mocks/BlockService.go:110.40,112.3 1 0
github.com/cirglo.com/dfs/pkg/mocks/BlockService.go:113.2,113.11 1 0
github.com/cirglo.com/dfs/pkg/mocks/BlockService.go:116.105,119.2 2 0
github.com/cirglo.com/dfs/pkg/mocks/BlockService.go:121.116,124.2 2 0
github.com/cirglo.com/dfs/pkg/mocks/BlockService.go:127.63,130.19 2 0
github.com/cirglo.com/dfs/pkg/mocks/BlockService.go:130.19,131.51 1 0
github.com/cirglo.com/dfs/pkg/mocks/BlockService.go:134.2,136.65 3 0
github.com/cirglo.com/dfs/pkg/mocks/BlockService.go:136.65,138.3 1 0
github.com/cirglo.com/dfs/pkg/mocks/BlockService.go:139.2,139.56 1 0
github.com/cirglo.com/dfs/pkg/mocks/BlockService.go:139.56,141.3 1 0
github.com/cirglo.com/dfs/pkg/mocks/BlockService.go:141.8,142.24 1 0
github.com/cirglo.com/dfs/pkg/mocks/BlockService.go:142.24,144.4 1 0
github.com/cirglo.com/dfs/pkg/mocks/BlockService.go:147.2,147.45 1 0
github.com/cirglo.com/dfs/pkg/mocks/BlockService.go:147.45,149.3 1 0
github.com/cirglo.com/dfs/pkg/mocks/BlockService.go:149.8,151.3 1 0
github.com/cirglo.com/dfs/pkg/mocks/BlockService.go:153.2,153.15 1 0
github.com/cirglo.com/dfs/pkg/mocks/BlockService.go:162.75,164.2 1 0
github.com/cirglo.com/dfs/pkg/mocks/BlockService.go:166.85,167.40 1 0
github.com/cirglo.com/dfs/pkg/mocks/BlockService.go:167.40,169.3 1 0
github.com/cirglo.com/dfs/pkg/mocks/BlockService.go:170.2,170.11 1 0
github.com/cirglo.com/dfs/pkg/mocks/BlockService.go:173.109,176.2 2 0
github.com/cirglo.com/dfs/pkg/mocks/BlockService.go:178.120,181.2 2 0
github.com/cirglo.com/dfs/pkg/mocks/BlockService.go:184.45,187.19 2 0
github.com/cirglo.com/dfs/pkg/mocks/BlockService.go:187.19,188.53 1 0
github.com/cirglo.com/dfs/pkg/mocks/BlockService.go:191.2,192.45 2 0
github.com/cirglo.com/dfs/pkg/mocks/BlockService.go:192.45,194.3 1 0
github.com/cirglo.com/dfs/pkg/mocks/BlockService.go:194.8,196.3 1 0
github.com/cirglo.com/dfs/pkg/mocks/BlockService.go:198.2,198.11 1 0
github.com/cirglo.com/dfs/pkg/mocks/BlockService.go:207.79,209.2 1 0
github.com/cirglo.com/dfs/pkg/mocks/BlockService.go:211.89,212.40 1 0
github.com/cirglo.com/dfs/pkg/mocks/BlockService.go:212.40,214.3 1 0
github.com/cirglo.com/dfs/pkg/mocks/BlockService.go:215.2,215.11 1 0
github.com/cirglo.com/dfs/pkg/mocks/BlockService.go:218.91,221.2 2 0
github.com/cirglo.com/dfs/pkg/mocks/BlockService.go:223.104,226.2 2 0
github.com/cirglo.com/dfs/pkg/mocks/BlockService.go:229.78,232.19 2 0
github.com/cirglo.com/dfs/pkg/mocks/BlockService.go:232.19,233.51 1 0
github.com/cirglo.com/dfs/pkg/mocks/BlockService.go:236.2,239.77 4 0
github.com/cirglo.com/dfs/pkg/mocks/BlockService.go:239.77,241.3 1 0
github.com/cirglo.com/dfs/pkg/mocks/BlockService.go:242.2,242.52 1 0
github.com/cirglo.com/dfs/pkg/mocks/BlockService.go:242.52,244.3 1 0
github.com/cirglo.com/dfs/pkg/mocks/BlockService.go:244.8,245.24 1 0
github.com/cirglo.com/dfs/pkg/mocks/BlockService.go:245.24,247.4 1 0
github.com/cirglo.com/dfs/pkg/mocks/BlockService.go:250.2,250.60 1 0
github.com/cirglo.com/dfs/pkg/mocks/BlockService.go:250.60,252.3 1 0
github.com/cirglo.com/dfs/pkg/mocks/BlockService.go:252.8,254.3 1 0
github.com/cirglo.com/dfs/pkg/mocks/BlockService.go:256.2,256.51 1 0
github.com/cirglo.com/dfs/pkg/mocks/BlockService.go:256.51,258.3 1 0
github.com/cirglo.com/dfs/pkg/mocks/BlockService.go:258.8,260.3 1 0
github.com/cirglo.com/dfs/pkg/mocks/BlockService.go:262.2,262.19 1 0
github.com/cirglo.com/dfs/pkg/mocks/BlockService.go:272.89,274.2 1 0
github.com/cirglo.com/dfs/pkg/mocks/BlockService.go:276.94,277.40 1 0
github.com/cirglo.com/dfs/pkg/mocks/BlockService.go:277.40,279.3 1 0
github.com/cirglo.com/dfs/pkg/mocks/BlockService.go:280.2,280.11 1 0
github.com/cirglo.com/dfs/pkg/mocks/BlockService.go:283.119,286.2 2 0
github.com/cirglo.com/dfs/pkg/mocks/BlockService.go:288.132,291.2 2 0
github.com/cirglo.com/dfs/pkg/mocks/BlockService.go:294.40,297.19 2 0
github.com/cirglo.com/dfs/pkg/mocks/BlockService.go:297.19,298.48 1 0
github.com/cirglo.com/dfs/pkg/mocks/BlockService.go:301.2,302.45 2 0
github.com/cirglo.com/dfs/pkg/mocks/BlockService.go:302.45,304.3 1 0
github.com/cirglo.com/dfs/pkg/mocks/BlockService.go:304.8,306.3 1 0
github.com/cirglo.com/dfs/pkg/mocks/BlockService.go:308.2,308.11 1 0
github.com/cirglo.com/dfs/pkg/mocks/BlockService.go:317.69,319.2 1 0
github.com/cirglo.com/dfs/pkg/mocks/BlockService.go:321.79,322.40 1 0
github.com/cirglo.com/dfs/pkg/mocks/BlockService.go:322.40,324.3 1 0
github.com/cirglo.com/dfs/pkg/mocks/BlockService.go:325.2,325.11 1 0
github.com/cirglo.com/dfs/pkg/mocks/BlockService.go:328.81,331.2 2 0
github.com/cirglo.com/dfs/pkg/mocks/BlockService.go:333.94,336.2 2 0
github.com/cirglo.com/dfs/pkg/mocks/BlockService.go:339.45,342.19 2 0
github.com/cirglo.com/dfs/pkg/mocks/BlockService.go:342.19,343.53 1 0
github.com/cirglo.com/dfs/pkg/mocks/BlockService.go:346.2,347.45 2 0
github.com/cirglo.com/dfs/pkg/mocks/BlockService.go:347.45,349.3 1 0
github.com/cirglo.com/dfs/pkg/mocks/BlockService.go:349.8,351.3 1 0
github.com/cirglo.com/dfs/pkg/mocks/BlockService.go:353.2,353.11 1 0
github.com/cirglo.com/dfs/pkg/mocks/BlockService.go:362.79,364.2 1 0
github.com/cirglo.com/dfs/pkg/mocks/BlockService.go:366.89,367.40 1 0
github.com/cirglo.com/dfs/pkg/mocks/BlockService.go:367.40,369.3 1 0
github.com/cirglo.com/dfs/pkg/mocks/BlockService.go:370.2,370.11 1 0
github.com/cirglo.com/dfs/pkg/mocks/BlockService.go:373.91,376.2 2 0
github.com/cirglo.com/dfs/pkg/mocks/BlockService.go:378.104,381.2 2 0
github.com/cirglo.com/dfs/pkg/mocks/BlockService.go:384.96,387.19 2 0
github.com/cirglo.com/dfs/pkg/mocks/BlockService.go:387.19,388.52 1 0
github.com/cirglo.com/dfs/pkg/mocks/BlockService.go:391.2,392.75 2 0
github.com/cirglo.com/dfs/pkg/mocks/BlockService.go:392.75,394.3 1 0
github.com/cirglo.com/dfs/pkg/mocks/BlockService.go:394.8,396.3 1 0
github.com/cirglo.com/dfs/pkg/mocks/BlockService.go:398.2,398.11 1 0
github.com/cirglo.com/dfs/pkg/mocks/BlockService.go:411.149,413.2 1 0
github.com/cirglo.com/dfs/pkg/mocks/BlockService.go:415.139,416.40 1 0
github.com/cirglo.com/dfs/pkg/mocks/BlockService.go:416.40,418.3 1 0
github.com/cirglo.com/dfs/pkg/mocks/BlockService.go:419.2,419.11 1 0
github.com/cirglo.com/dfs/pkg/mocks/BlockService.go:422.89,425.2 2 0
github.com/cirglo.com/dfs/pkg/mocks/BlockService.go:427.132,430.2 2 0
github.com/cirglo.com/dfs/pkg/mocks/BlockService.go:437.18,441.19 3 0
github.com/cirglo.com/dfs/pkg/mocks/BlockService.go:441.19,441.49 1 0
github.com/cirglo.com/dfs/pkg/mocks/BlockService.go:443.2,443.13 1 0
github.com/cirglo.com/dfs/pkg/mocks/FileService.go:21.55,23.2 1 0
github.com/cirglo.com/dfs/pkg/mocks/FileService.go:26.112,29.19 2 0
github.com/cirglo.com/dfs/pkg/mocks/FileService.go:29.19,30.51 1 0
github.com/cirglo.com/dfs/pkg/mocks/FileService.go:33.2,35.102 3 0
github.com/cirglo.com/dfs/pkg/mocks/FileService.go:35.102,37.3 1 0
github.com/cirglo.com/dfs/pkg/mocks/FileService.go:38.2,38.93 1 0
github.com/cirglo.com/dfs/pkg/mocks/FileService.go:38.93,40.3 1 0
github.com/cirglo.com/dfs/pkg/mocks/FileService.go:40.8,42.3 1 0
github.com/cirglo.com/dfs/pkg/mocks/FileService.go:44.2,44.85 1 0
github.com/cirglo.com/dfs/pkg/mocks/FileService.go:44.85,46.3 1 0
github.com/cirglo.com/dfs/pkg/mocks/FileService.go:46.8,48.3 1 0
github.com/cirglo.com/dfs/pkg/mocks/FileService.go:50.2,50.15 1 0
github.com/cirglo.com/dfs/pkg/mocks/FileService.go:62.123,64.2 1 0
github.com/cirglo.com/dfs/pkg/mocks/FileService.go:66.136,67.40 1 0
github.com/cirglo.com/dfs/pkg/mocks/FileService.go:67.40,69.3 1 0
github.com/cirglo.com/dfs/pkg/mocks/FileService.go:70.2,70.11 1 0
github.com/cirglo.com/dfs/pkg/mocks/FileService.go:73.104,76.2 2 0
github.com/cirglo.com/dfs/pkg/mocks/FileService.go:78.155,81.2 2 0
github.com/cirglo.com/dfs/pkg/mocks/FileService.go:84.113,87.19 2 0
github.com/cirglo.com/dfs/pkg/mocks/FileService.go:87.19,88.52 1 0
github.com/cirglo.com/dfs/pkg/mocks/FileService.go:91.2,93.102 3 0
github.com/cirglo.com/dfs/pkg/mocks/FileService.go:93.102,95.3 1 0
github.com/cirglo.com/dfs/pkg/mocks/FileService.go:96.2,96.93 1 0
github.com/cirglo.com/dfs/pkg/mocks/FileService.go:96.93,98.3 1 0
github.com/cirglo.com/dfs/pkg/mocks/FileService.go:98.8,100.3 1 0
github.com/cirglo.com/dfs/pkg/mocks/FileService.go:102.2,102.85 1 0
github.com/cirglo.com/dfs/pkg/mocks/FileService.go:102.85,104.3 1 0
github.com/cirglo.com/dfs/pkg/mocks/FileService.go:104.8,106.3 1 0
github.com/cirglo.com/dfs/pkg/mocks/FileService.go:108.2,108.15 1 0
github.com/cirglo.com/dfs/pkg/mocks/FileService.go:120.125,122.2 1 0
github.com/cirglo.com/dfs/pkg/mocks/FileService.go:124.138,125.40 1 0
github.com/cirglo.com/dfs/pkg/mocks/FileService.go:125.40,127.3 1 0
github.com/cirglo.com/dfs/pkg/mocks/FileService.go:128.2,128.11 1 0
github.com/cirglo.com/dfs/pkg/mocks/FileService.go:131.106,134.2 2 0
github.com/cirglo.com/dfs/pkg/mocks/FileService.go:136.157,139.2 2 0
github.com/cirglo.com/dfs/pkg/mocks/FileService.go:142.71,145.19 2 0
github.com/cirglo.com/dfs/pkg/mocks/FileService.go:145.19,146.51 1 0
github.com/cirglo.com/dfs/pkg/mocks/FileService.go:149.2,150.67 2 0
github.com/cirglo.com/dfs/pkg/mocks/FileService.go:150.67,152.3 1 0
github.com/cirglo.com/dfs/pkg/mocks/FileService.go:152.8,154.3 1 0
github.com/cirglo.com/dfs/pkg/mocks/FileService.go:156.2,156.11 1 0
github.com/cirglo.com/dfs/pkg/mocks/FileService.go:167.104,169.2 1 0
github.com/cirglo.com/dfs/pkg/mocks/FileService.go:171.112,172.40 1 0
github.com/cirglo.com/dfs/pkg/mocks/FileService.go:172.40,174.3 1 0
github.com/cirglo.com/dfs/pkg/mocks/FileService.go:175.2,175.11 1 0
github.com/cirglo.com/dfs/pkg/mocks/FileService.go:178.85,181.2 2 0
github.com/cirglo.com/dfs/pkg/mocks/FileService.go:183.120,186.2 2 0
github.com/cirglo.com/dfs/pkg/mocks/FileService.go:189.72,192.19 2 0
github.com/cirglo.com/dfs/pkg/mocks/FileService.go:192.19,193.52 1 0
github.com/cirglo.com/dfs/pkg/mocks/FileService.go:196.2,197.67 2 0
github.com/cirglo.com/dfs/pkg/mocks/FileService.go:197.67,199.3 1 0
github.com/cirglo.com/dfs/pkg/mocks/FileService.go:199.8,201.3 1 0
github.com/cirglo.com/dfs/pkg/mocks/FileService.go:203.2,203.11 1 0
github.com/cirglo.com/dfs/pkg/mocks/FileService.go:214.106,216.2 1 0
github.com/cirglo.com/dfs/pkg/mocks/FileService.go:218.114,219.40 1 0
github.com/cirglo.com/dfs/pkg/mocks/FileService.go:219.40,221.3 1 0
github.com/cirglo.com/dfs/pkg/mocks/FileService.go:222.2,222.11 1 0
github.com/cirglo.com/dfs/pkg/mocks/FileService.go:225.87,228.2 2 0
github.com/cirglo.com/dfs/pkg/mocks/FileService.go:230.122,233.2 2 0
github.com/cirglo.com/dfs/pkg/mocks/FileService.go:236.95,239.19 2 0
github.com/cirglo.com/dfs/pkg/mocks/FileService.go:239.19,240.55 1 0
github.com/cirglo.com/dfs/pkg/mocks/FileService.go:243.2,245.87 3 0
github.com/cirglo.com/dfs/pkg/mocks/FileService.go:245.87,247.3 1 0
github.com/cirglo.com/dfs/pkg/mocks/FileService.go:248.2,248.78 1 0
github.com/cirglo.com/dfs/pkg/mocks/FileService.go:248.78,250.3 1 0
github.com/cirglo.com/dfs/pkg/mocks/FileService.go:250.8,251.24 1 0
github.com/cirglo.com/dfs/pkg/mocks/FileService.go:251.24,253.4 1 0
github.com/cirglo.com/dfs/pkg/mocks/FileService.go:256.2,256.67 1 0
github.com/cirglo.com/dfs/pkg/mocks/FileService.go:256.67,258.3 1 0
github.com/cirglo.com/dfs/pkg/mocks/FileService.go:258.8,260.3 1 0
github.com/cirglo.com/dfs/pkg/mocks/FileService.go:262.2,262.15 1 0
github.com/cirglo.com/dfs/pkg/mocks/FileService.go:273.112,275.2 1 0
github.com/cirglo.com/dfs/pkg/mocks/FileService.go:277.120,278.40 1 0
github.com/cirglo.com/dfs/pkg/mocks/FileService.go:278.40,280.3 1 0
github.com/cirglo.com/dfs/pkg/mocks/FileService.go:281.2,281.11 1 0
github.com/cirglo.com/dfs/pkg/mocks/FileService.go:284.115,287.2 2 0
github.com/cirglo.com/dfs/pkg/mocks/FileService.go:289.148,292.2 2 0
github.com/cirglo.com/dfs/pkg/mocks/FileService.go:295.85,298.19 2 0
github.com/cirglo.com/dfs/pkg/mocks/FileService.go:298.19,299.46 1 0
github.com/cirglo.com/dfs/pkg/mocks/FileService.go:302.2,304.86 3 0
github.com/cirglo.com/dfs/pkg/mocks/FileService.go:304.86,306.3 1 0
github.com/cirglo.com/dfs/pkg/mocks/FileService.go:307.2,307.77 1 0
github.com/cirglo.com/dfs/pkg/mocks/FileService.go:307.77,309.3 1 0
github.com/cirglo.com/dfs/pkg/mocks/FileService.go:309.8,310.24 1 0
github.com/cirglo.com/dfs/pkg/mocks/FileService.go:310.24,312.4 1 0
github.com/cirglo.com/dfs/pkg/mocks/FileService.go:315.2,315.67 1 0
github.com/cirglo.com/dfs/pkg/mocks/FileService.go:315.67,317.3 1 0
github.com/cirglo.com/dfs/pkg/mocks/FileService.go:317.8,319.3 1 0
github.com/cirglo.com/dfs/pkg/mocks/FileService.go:321.2,321.15 1 0
github.com/cirglo.com/dfs/pkg/mocks/FileService.go:332.94,334.2 1 0
github.com/cirglo.com/dfs/pkg/mocks/FileService.go:336.102,337.40 1 0
github.com/cirglo.com/dfs/pkg/mocks/FileService.go:337.40,339.3 1 0
github.com/cirglo.com/dfs/pkg/mocks/FileService.go:340.2,340.11 1 0
github.com/cirglo.com/dfs/pkg/mocks/FileService.go:343.96,346.2 2 0
github.com/cirglo.com/dfs/pkg/mocks/FileService.go:348.129,351.2 2 0
github.com/cirglo.com/dfs/pkg/mocks/FileService.go:354.81,357.19 2 0
github.com/cirglo.com/dfs/pkg/mocks/FileService.go:357.19,358.58 1 0
github.com/cirglo.com/dfs/pkg/mocks/FileService.go:361.2,362.75 2 0
github.com/cirglo.com/dfs/pkg/mocks/FileService.go:362.75,364.3 1 0
github.com/cirglo.com/dfs/pkg/mocks/FileService.go:364.8,366.3 1 0
github.com/cirglo.com/dfs/pkg/mocks/FileService.go:368.2,368.11 1 0
github.com/cirglo.com/dfs/pkg/mocks/FileService.go:378.100,380.2 1 0
github.com/cirglo.com/dfs/pkg/mocks/FileService.go:382.129,383.40 1 0
github.com/cirglo.com/dfs/pkg/mocks/FileService.go:383.40,385.3 1 0
github.com/cirglo.com/dfs/pkg/mocks/FileService.go:386.2,386.11 1 0
github.com/cirglo.com/dfs/pkg/mocks/FileService.go:389.99,392.2 2 0
github.com/cirglo.com/dfs/pkg/mocks/FileService.go:394.142,397.2 2 0
github.com/cirglo.com/dfs/pkg/mocks/FileService.go:400.85,403.19 2 0
github.com/cirglo.com/dfs/pkg/mocks/FileService.go:403.19,404.60 1 0
github.com/cirglo.com/dfs/pkg/mocks/FileService.go:407.2,408.77 2 0
github.com/cirglo.com/dfs/pkg/mocks/FileService.go:408.77,410.3 1 0
github.com/cirglo.com/dfs/pkg/mocks/FileService.go:410.8,412.3 1 0
github.com/cirglo.com/dfs/pkg/mocks/FileService.go:414.2,414.11 1 0
github.com/cirglo.com/dfs/pkg/mocks/FileService.go:424.104,426.2 1 0
github.com/cirglo.com/dfs/pkg/mocks/FileService.go:428.135,429.40 1 0
github.com/cirglo.com/dfs/pkg/mocks/FileService.go:429.40,431.3 1 0
github.com/cirglo.com/dfs/pkg/mocks/FileService.go:432.2,432.11 1 0
github.com/cirglo.com/dfs/pkg/mocks/FileService.go:435.103,438.2 2 0
github.com/cirglo.com/dfs/pkg/mocks/FileService.go:440.148,443.2 2 0
github.com/cirglo.com/dfs/pkg/mocks/FileService.go:446.85,449.19 2 0
github.com/cirglo.com/dfs/pkg/mocks/FileService.go:449.19,450.60 1 0
github.com/cirglo.com/dfs/pkg/mocks/FileService.go:453.2,454.77 2 0
github.com/cirglo.com/dfs/pkg/mocks/FileService.go:454.77,456.3 1 0
github.com/cirglo.com/dfs/pkg/mocks/FileService.go:456.8,458.3 1 0
github.com/cirglo.com/dfs/pkg/mocks/FileService.go:460.2,460.11 1 0
github.com/cirglo.com/dfs/pkg/mocks/FileService.go:470.104,472.2 1 0
github.com/cirglo.com/dfs/pkg/mocks/FileService.go:474.135,475.40 1 0
github.com/cirglo.com/dfs/pkg/mocks/FileService.go:475.40,477.3 1 0
github.com/cirglo.com/dfs/pkg/mocks/FileService.go:478.2,478.11 1 0
github.com/cirglo.com/dfs/pkg/mocks/FileService.go:481.103,484.2 2 0
github.com/cirglo.com/dfs/pkg/mocks/FileService.go:486.148,489.2 2 0
github.com/cirglo.com/dfs/pkg/mocks/FileService.go:492.83,495.19 2 0
github.com/cirglo.com/dfs/pkg/mocks/FileService.go:495.19,496.46 1 0
github.com/cirglo.com/dfs/pkg/mocks/FileService.go:499.2,501.84 3 0
github.com/cirglo.com/dfs/pkg/mocks/FileService.go:501.84,503.3 1 0
github.com/cirglo.com/dfs/pkg/mocks/FileService.go:504.2,504.75 1 0
github.com/cirglo.com/dfs/pkg/mocks/FileService.go:504.75,506.3 1 0
github.com/cirglo.com/dfs/pkg/mocks/FileService.go:506.8,508.3 1 0
github.com/cirglo.com/dfs/pkg/mocks/FileService.go:510.2,510.67 1 0
github.com/cirglo.com/dfs/pkg/mocks/FileService.go:510.67,512.3 1 0
github.com/cirglo.com/dfs/pkg/mocks/FileService.go:512.8,514.3 1 0
github.com/cirglo.com/dfs/pkg/mocks/FileService.go:516.2,516.15 1 0
github.com/cirglo.com/dfs/pkg/mocks/FileService.go:527.94,529.2 1 0
github.com/cirglo.com/dfs/pkg/mocks/FileService.go:531.102,532.40 1 0
github.com/cirglo.com/dfs/pkg/mocks/FileService.go:532.40,534.3 1 0
github.com/cirglo.com/dfs/pkg/mocks/FileService.go:535.2,535.11 1 0
github.com/cirglo.com/dfs/pkg/mocks/FileService.go:538.94,541.2 2 0
github.com/cirglo.com/dfs/pkg/mocks/FileService.go:543.127,546.2 2 0
github.com/cirglo.com/dfs/pkg/mocks/FileService.go:553.17,557.19 3 0
github.com/cirglo.com/dfs/pkg/mocks/FileService.go:557.19,557.49 1 0
github.com/cirglo.com/dfs/pkg/mocks/FileService.go:559.2,559.13 1 0
github.com/cirglo.com/dfs/pkg/mocks/NotificationClient.go:24.69,26.2 1 0
github.com/cirglo.com/dfs/pkg/mocks/NotificationClient.go:29.169,31.23 2 0
github.com/cirglo.com/dfs/pkg/mocks/NotificationClient.go:31.23,33.3 1 0
github.com/cirglo.com/dfs/pkg/mocks/NotificationClient.go:34.2,39.19 5 0
github.com/cirglo.com/dfs/pkg/mocks/NotificationClient.go:39.19,40.58 1 0
github.com/cirglo.com/dfs/pkg/mocks/NotificationClient.go:43.2,45.146 3 0
github.com/cirglo.com/dfs/pkg/mocks/NotificationClient.go:45.146,47.3 1 0
github.com/cirglo.com/dfs/pkg/mocks/NotificationClient.go:48.2,48.137 1 0
github.com/cirglo.com/dfs/pkg/mocks/NotificationClient.go:48.137,50.3 1 0
github.com/cirglo.com/dfs/pkg/mocks/NotificationClient.go:50.8,51.24 1 0
github.com/cirglo.com/dfs/pkg/mocks/NotificationClient.go:51.24,53.4 1 0
github.com/cirglo.com/dfs/pkg/mocks/NotificationClient.go:56.2,56.112 1 0
github.com/cirglo.com/dfs/pkg/mocks/NotificationClient.go:56.112,58.3 1 0
github.com/cirglo.com/dfs/pkg/mocks/NotificationClient.go:58.8,60.3 1 0
github.com/cirglo.com/dfs/pkg/mocks/NotificationClient.go:62.2,62.15 1 0
github.com/cirglo.com/dfs/pkg/mocks/NotificationClient.go:74.153,77.2 1 0
github.com/cirglo.com/dfs/pkg/mocks/NotificationClient.go:79.190,80.40 1 0
github.com/cirglo.com/dfs/pkg/mocks/NotificationClient.go:80.40,82.30 2 0
github.com/cirglo.com/dfs/pkg/mocks/NotificationClient.go:82.30,83.16 1 0
github.com/cirglo.com/dfs/pkg/mocks/NotificationClient.go:83.16,85.5 1 0
github.com/cirglo.com/dfs/pkg/mocks/NotificationClient.go:87.3,87.92 1 0
github.com/cirglo.com/dfs/pkg/mocks/NotificationClient.go:89.2,89.11 1 0
github.com/cirglo.com/dfs/pkg/mocks/NotificationClient.go:92.149,95.2 2 0
github.com/cirglo.com/dfs/pkg/mocks/NotificationClient.go:97.227,100.2 2 0
github.com/cirglo.com/dfs/pkg/mocks/NotificationClient.go:103.176,105.23 2 0
github.com/cirglo.com/dfs/pkg/mocks/NotificationClient.go:105.23,107.3 1 0
github.com/cirglo.com/dfs/pkg/mocks/NotificationClient.go:108.2,113.19 5 0
github.com/cirglo.com/dfs/pkg/mocks/NotificationClient.go:113.19,114.60 1 0
github.com/cirglo.com/dfs/pkg/mocks/NotificationClient.go:117.2,119.151 3 0
github.com/cirglo.com/dfs/pkg/mocks/NotificationClient.go:119.151,121.3 1 0
github.com/cirglo.com/dfs/pkg/mocks/NotificationClient.go:122.2,122.142 1 0
github.com/cirglo.com/dfs/pkg/mocks/NotificationClient.go:122.142,124.3 1 0
github.com/cirglo.com/dfs/pkg/mocks/NotificationClient.go:124.8,125.24 1 0
github.com/cirglo.com/dfs/pkg/mocks/NotificationClient.go:125.24,127.4 1 0
github.com/cirglo.com/dfs/pkg/mocks/NotificationClient.go:130.2,130.114 1 0
github.com/cirglo.com/dfs/pkg/mocks/NotificationClient.go:130.114,132.3 1 0
github.com/cirglo.com/dfs/pkg/mocks/NotificationClient.go:132.8,134.3 1 0
github.com/cirglo.com/dfs/pkg/mocks/NotificationClient.go:136.2,136.15 1 0
github.com/cirglo.com/dfs/pkg/mocks/NotificationClient.go:148.157,151.2 1 0
github.com/cirglo.com/dfs/pkg/mocks/NotificationClient.go:153.196,154.40 1 0
github.com/cirglo.com/dfs/pkg/mocks/NotificationClient.go:154.40,156.30 2 0
github.com/cirglo.com/dfs/pkg/mocks/NotificationClient.go:156.30,157.16 1 0
github.com/cirglo.com/dfs/pkg/mocks/NotificationClient.go:157.16,159.5 1 0
github.com/cirglo.com/dfs/pkg/mocks/NotificationClient.go:161.3,161.94 1 0
github.com/cirglo.com/dfs/pkg/mocks/NotificationClient.go:163.2,163.11 1 0
github.com/cirglo.com/dfs/pkg/mocks/NotificationClient.go:166.156,169.2 2 0
github.com/cirglo.com/dfs/pkg/mocks/NotificationClient.go:171.236,174.2 2 0
github.com/cirglo.com/dfs/pkg/mocks/NotificationClient.go:177.176,179.23 2 0
github.com/cirglo.com/dfs/pkg/mocks/NotificationClient.go:179.23,181.3 1 0
github.com/cirglo.com/dfs/pkg/mocks/NotificationClient.go:182.2,187.19 5 0
github.com/cirglo.com/dfs/pkg/mocks/NotificationClient.go:187.19,188.60 1 0
github.com/cirglo.com/dfs/pkg/mocks/NotificationClient.go:191.2,193.151 3 0
github.com/cirglo.com/dfs/pkg/mocks/NotificationClient.go:193.151,195.3 1 0
github.com/cirglo.com/dfs/pkg/mocks/NotificationClient.go:196.2,196.142 1 0
github.com/cirglo.com/dfs/pkg/mocks/NotificationClient.go:196.142,198.3 1 0
github.com/cirglo.com/dfs/pkg/mocks/NotificationClient.go:198.8,199.24 1 0
github.com/cirglo.com/dfs/pkg/mocks/NotificationClient.go:199.24,201.4 1 0
github.com/cirglo.com/dfs/pkg/mocks/NotificationClient.go:204.2,204.114 1 0
github.com/cirglo.com/dfs/pkg/mocks/NotificationClient.go:204.114,206.3 1 0
github.com/cirglo.com/dfs/pkg/mocks/NotificationClient.go:206.8,208.3 1 0
github.com/cirglo.com/dfs/pkg/mocks/NotificationClient.go:210.2,210.15 1 0
github.com/cirglo.com/dfs/pkg/mocks/NotificationClient.go:222.157,225.2 1 0
github.com/cirglo.com/dfs/pkg/mocks/NotificationClient.go:227.196,228.40 1 0
github.com/cirglo.com/dfs/pkg/mocks/NotificationClient.go:228.40,230.30 2 0
github.com/cirglo.com/dfs/pkg/mocks/NotificationClient.go:230.30,231.16 1 0
github.com/cirglo.com/dfs/pkg/mocks/NotificationClient.go:231.16,233.5 1 0
github.com/cirglo.com/dfs/pkg/mocks/NotificationClient.go:235.3,235.94 1 0
github.com/cirglo.com/dfs/pkg/mocks/NotificationClient.go:237.2,237.11 1 0
github.com/cirglo.com/dfs/pkg/mocks/NotificationClient.go:240.156,243.2 2 0
github.com/cirglo.com/dfs/pkg/mocks/NotificationClient.go:245.236,248.2 2 0
github.com/cirglo.com/dfs/pkg/mocks/NotificationClient.go:255.24,259.19 3 0
github.com/cirglo.com/dfs/pkg/mocks/NotificationClient.go:259.19,259.49 1 0
github.com/cirglo.com/dfs/pkg/mocks/NotificationClient.go:261.2,261.13 1 0
github.com/cirglo.com/dfs/pkg/mocks/SecurityService.go:19.63,21.2 1 0
github.com/cirglo.com/dfs/pkg/mocks/SecurityService.go:24.84,27.19 2 0
github.com/cirglo.com/dfs/pkg/mocks/SecurityService.go:27.19,28.56 1 0
github.com/cirglo.com/dfs/pkg/mocks/SecurityService.go:31.2,32.59 2 0
github.com/cirglo.com/dfs/pkg/mocks/SecurityService.go:32.59,34.3 1 0
github.com/cirglo.com/dfs/pkg/mocks/SecurityService.go:34.8,36.3 1 0
github.com/cirglo.com/dfs/pkg/mocks/SecurityService.go:38.2,38.11 1 0
github.com/cirglo.com/dfs/pkg/mocks/SecurityService.go:49.134,51.2 1 0
github.com/cirglo.com/dfs/pkg/mocks/SecurityService.go:53.134,54.40 1 0
github.com/cirglo.com/dfs/pkg/mocks/SecurityService.go:54.40,56.3 1 0
github.com/cirglo.com/dfs/pkg/mocks/SecurityService.go:57.2,57.11 1 0
github.com/cirglo.com/dfs/pkg/mocks/SecurityService.go:60.103,63.2 2 0
github.com/cirglo.com/dfs/pkg/mocks/SecurityService.go:65.130,68.2 2 0
github.com/cirglo.com/dfs/pkg/mocks/SecurityService.go:71.95,74.19 2 0
github.com/cirglo.com/dfs/pkg/mocks/SecurityService.go:74.19,75.58 1 0
github.com/cirglo.com/dfs/pkg/mocks/SecurityService.go:78.2,80.69 3 0
github.com/cirglo.com/dfs/pkg/mocks/SecurityService.go:80.69,82.3 1 0
github.com/cirglo.com/dfs/pkg/mocks/SecurityService.go:83.2,83.60 1 0
github.com/cirglo.com/dfs/pkg/mocks/SecurityService.go:83.60,85.3 1 0
github.com/cirglo.com/dfs/pkg/mocks/SecurityService.go:85.8,87.3 1 0
github.com/cirglo.com/dfs/pkg/mocks/SecurityService.go:89.2,89.59 1 0
github.com/cirglo.com/dfs/pkg/mocks/SecurityService.go:89.59,91.3 1 0
github.com/cirglo.com/dfs/pkg/mocks/SecurityService.go:91.8,93.3 1 0
github.com/cirglo.com/dfs/pkg/mocks/SecurityService.go:95.2,95.15 1 0
github.com/cirglo.com/dfs/pkg/mocks/SecurityService.go:106.137,108.2 1 0
github.com/cirglo.com/dfs/pkg/mocks/SecurityService.go:110.137,111.40 1 0
github.com/cirglo.com/dfs/pkg/mocks/SecurityService.go:111.40,113.3 1 0
github.com/cirglo.com/dfs/pkg/mocks/SecurityService.go:114.2,114.11 1 0
github.com/cirglo.com/dfs/pkg/mocks/SecurityService.go:117.119,120.2 2 0
github.com/cirglo.com/dfs/pkg/mocks/SecurityService.go:122.144,125.2 2 0
github.com/cirglo.com/dfs/pkg/mocks/SecurityService.go:128.90,131.19 2 0
github.com/cirglo.com/dfs/pkg/mocks/SecurityService.go:131.19,132.60 1 0
github.com/cirglo.com/dfs/pkg/mocks/SecurityService.go:135.2,136.59 2 0
github.com/cirglo.com/dfs/pkg/mocks/SecurityService.go:136.59,138.3 1 0
github.com/cirglo.com/dfs/pkg/mocks/SecurityService.go:138.8,140.3 1 0
github.com/cirglo.com/dfs/pkg/mocks/SecurityService.go:142.2,142.11 1 0
github.com/cirglo.com/dfs/pkg/mocks/SecurityService.go:153.144,155.2 1 0
github.com/cirglo.com/dfs/pkg/mocks/SecurityService.go:157.144,158.40 1 0
github.com/cirglo.com/dfs/pkg/mocks/SecurityService.go:158.40,160.3 1 0
github.com/cirglo.com/dfs/pkg/mocks/SecurityService.go:161.2,161.11 1 0
github.com/cirglo.com/dfs/pkg/mocks/SecurityService.go:164.111,167.2 2 0
github.com/cirglo.com/dfs/pkg/mocks/SecurityService.go:169.138,172.2 2 0
github.com/cirglo.com/dfs/pkg/mocks/SecurityService.go:175.64,178.19 2 0
github.com/cirglo.com/dfs/pkg/mocks/SecurityService.go:178.19,179.53 1 0
github.com/cirglo.com/dfs/pkg/mocks/SecurityService.go:182.2,183.55 2 0
github.com/cirglo.com/dfs/pkg/mocks/SecurityService.go:183.55,185.3 1 0
github.com/cirglo.com/dfs/pkg/mocks/SecurityService.go:185.8,187.3 1 0
github.com/cirglo.com/dfs/pkg/mocks/SecurityService.go:189.2,189.11 1 0
github.com/cirglo.com/dfs/pkg/mocks/SecurityService.go:199.102,201.2 1 0
github.com/cirglo.com/dfs/pkg/mocks/SecurityService.go:203.111,204.40 1 0
github.com/cirglo.com/dfs/pkg/mocks/SecurityService.go:204.40,206.3 1 0
github.com/cirglo.com/dfs/pkg/mocks/SecurityService.go:207.2,207.11 1 0
github.com/cirglo.com/dfs/pkg/mocks/SecurityService.go:210.97,213.2 2 0
github.com/cirglo.com/dfs/pkg/mocks/SecurityService.go:215.120,218.2 2 0
github.com/cirglo.com/dfs/pkg/mocks/SecurityService.go:221.61,224.19 2 0
github.com/cirglo.com/dfs/pkg/mocks/SecurityService.go:224.19,225.52 1 0
github.com/cirglo.com/dfs/pkg/mocks/SecurityService.go:228.2,229.54 2 0
github.com/cirglo.com/dfs/pkg/mocks/SecurityService.go:229.54,231.3 1 0
github.com/cirglo.com/dfs/pkg/mocks/SecurityService.go:231.8,233.3 1 0
github.com/cirglo.com/dfs/pkg/mocks/SecurityService.go:235.2,235.11 1 0
github.com/cirglo.com/dfs/pkg/mocks/SecurityService.go:245.99,247.2 1 0
github.com/cirglo.com/dfs/pkg/mocks/SecurityService.go:249.107,250.40 1 0
github.com/cirglo.com/dfs/pkg/mocks/SecurityService.go:250.40,252.3 1 0
github.com/cirglo.com/dfs/pkg/mocks/SecurityService.go:253.2,253.11 1 0
github.com/cirglo.com/dfs/pkg/mocks/SecurityService.go:256.95,259.2 2 0
github.com/cirglo.com/dfs/pkg/mocks/SecurityService.go:261.117,264.2 2 0
github.com/cirglo.com/dfs/pkg/mocks/SecurityService.go:267.64,270.19 2 0
github.com/cirglo.com/dfs/pkg/mocks/SecurityService.go:270.19,271.53 1 0
github.com/cirglo.com/dfs/pkg/mocks/SecurityService.go:274.2,275.51 2 0
github.com/cirglo.com/dfs/pkg/mocks/SecurityService.go:275.51,277.3 1 0
github.com/cirglo.com/dfs/pkg/mocks/SecurityService.go:277.8,279.3 1 0
github.com/cirglo.com/dfs/pkg/mocks/SecurityService.go:281.2,281.11 1 0
github.com/cirglo.com/dfs/pkg/mocks/SecurityService.go:291.106,293.2 1 0
github.com/cirglo.com/dfs/pkg/mocks/SecurityService.go:295.111,296.40 1 0
github.com/cirglo.com/dfs/pkg/mocks/SecurityService.go:296.40,298.3 1 0
github.com/cirglo.com/dfs/pkg/mocks/SecurityService.go:299.2,299.11 1 0
github.com/cirglo.com/dfs/pkg/mocks/SecurityService.go:302.97,305.2 2 0
github.com/cirglo.com/dfs/pkg/mocks/SecurityService.go:307.116,310.2 2 0
github.com/cirglo.com/dfs/pkg/mocks/SecurityService.go:313.62,316.19 2 0
github.com/cirglo.com/dfs/pkg/mocks/SecurityService.go:316.19,317.52 1 0
github.com/cirglo.com/dfs/pkg/mocks/SecurityService.go:320.2,321.51 2 0
github.com/cirglo.com/dfs/pkg/mocks/SecurityService.go:321.51,323.3 1 0
github.com/cirglo.com/dfs/pkg/mocks/SecurityService.go:323.8,325.3 1 0
github.com/cirglo.com/dfs/pkg/mocks/SecurityService.go:327.2,327.11 1 0
github.com/cirglo.com/dfs/pkg/mocks/SecurityService.go:337.103,339.2 1 0
github.com/cirglo.com/dfs/pkg/mocks/SecurityService.go:341.108,342.40 1 0
github.com/cirglo.com/dfs/pkg/mocks/SecurityService.go:342.40,344.3 1 0
github.com/cirglo.com/dfs/pkg/mocks/SecurityService.go:345.2,345.11 1 0
github.com/cirglo.com/dfs/pkg/mocks/SecurityService.go:348.95,351.2 2 0
github.com/cirglo.com/dfs/pkg/mocks/SecurityService.go:353.114,356.2 2 0
github.com/cirglo.com/dfs/pkg/mocks/SecurityService.go:359.65,362.19 2 0
github.com/cirglo.com/dfs/pkg/mocks/SecurityService.go:362.19,363.54 1 0
github.com/cirglo.com/dfs/pkg/mocks/SecurityService.go:366.2,368.61 3 0
github.com/cirglo.com/dfs/pkg/mocks/SecurityService.go:368.61,370.3 1 0
github.com/cirglo.com/dfs/pkg/mocks/SecurityService.go:371.2,371.52 1 0
github.com/cirglo.com/dfs/pkg/mocks/SecurityService.go:371.52,373.3 1 0
github.com/cirglo.com/dfs/pkg/mocks/SecurityService.go:373.8,374.24 1 0
github.com/cirglo.com/dfs/pkg/mocks/SecurityService.go:374.24,376.4 1 0
github.com/cirglo.com/dfs/pkg/mocks/SecurityService.go:379.2,379.45 1 0
github.com/cirglo.com/dfs/pkg/mocks/SecurityService.go:379.45,381.3 1 0
github.com/cirglo.com/dfs/pkg/mocks/SecurityService.go:381.8,383.3 1 0
github.com/cirglo.com/dfs/pkg/mocks/SecurityService.go:385.2,385.15 1 0
github.com/cirglo.com/dfs/pkg/mocks/SecurityService.go:394.87,396.2 1 0
github.com/cirglo.com/dfs/pkg/mocks/SecurityService.go:398.97,399.40 1 0
github.com/cirglo.com/dfs/pkg/mocks/SecurityService.go:399.40,401.3 1 0
github.com/cirglo.com/dfs/pkg/mocks/SecurityService.go:402.2,402.11 1 0
github.com/cirglo.com/dfs/pkg/mocks/SecurityService.go:405.117,408.2 2 0
github.com/cirglo.com/dfs/pkg/mocks/SecurityService.go:410.128,413.2 2 0
github.com/cirglo.com/dfs/pkg/mocks/SecurityService.go:416.63,419.19 2 0
github.com/cirglo.com/dfs/pkg/mocks/SecurityService.go:419.19,420.53 1 0
github.com/cirglo.com/dfs/pkg/mocks/SecurityService.go:423.2,425.60 3 0
github.com/cirglo.com/dfs/pkg/mocks/SecurityService.go:425.60,427.3 1 0
github.com/cirglo.com/dfs/pkg/mocks/SecurityService.go:428.2,428.51 1 0
github.com/cirglo.com/dfs/pkg/mocks/SecurityService.go:428.51,430.3 1 0
github.com/cirglo.com/dfs/pkg/mocks/SecurityService.go:430.8,431.24 1 0
github.com/cirglo.com/dfs/pkg/mocks/SecurityService.go:431.24,433.4 1 0
github.com/cirglo.com/dfs/pkg/mocks/SecurityService.go:436.2,436.45 1 0
github.com/cirglo.com/dfs/pkg/mocks/SecurityService.go:436.45,438.3 1 0
github.com/cirglo.com/dfs/pkg/mocks/SecurityService.go:438.8,440.3 1 0
github.com/cirglo.com/dfs/pkg/mocks/SecurityService.go:442.2,442.15 1 0
github.com/cirglo.com/dfs/pkg/mocks/SecurityService.go:451.85,453.2 1 0
github.com/cirglo.com/dfs/pkg/mocks/SecurityService.go:455.95,456.40 1 0
github.com/cirglo.com/dfs/pkg/mocks/SecurityService.go:456.40,458.3 1 0
github.com/cirglo.com/dfs/pkg/mocks/SecurityService.go:459.2,459.11 1 0
github.com/cirglo.com/dfs/pkg/mocks/SecurityService.go:462.114,465.2 2 0
github.com/cirglo.com/dfs/pkg/mocks/SecurityService.go:467.125,470.2 2 0
github.com/cirglo.com/dfs/pkg/mocks/SecurityService.go:473.75,476.19 2 0
github.com/cirglo.com/dfs/pkg/mocks/SecurityService.go:476.19,477.50 1 0
github.com/cirglo.com/dfs/pkg/mocks/SecurityService.go:480.2,482.65 3 0
github.com/cirglo.com/dfs/pkg/mocks/SecurityService.go:482.65,484.3 1 0
github.com/cirglo.com/dfs/pkg/mocks/SecurityService.go:485.2,485.56 1 0
github.com/cirglo.com/dfs/pkg/mocks/SecurityService.go:485.56,487.3 1 0
github.com/cirglo.com/dfs/pkg/mocks/SecurityService.go:487.8,489.3 1 0
github.com/cirglo.com/dfs/pkg/mocks/SecurityService.go:491.2,491.51 1 0
github.com/cirglo.com/dfs/pkg/mocks/SecurityService.go:491.51,493.3 1 0
github.com/cirglo.com/dfs/pkg/mocks/SecurityService.go:493.8,495.3 1 0
github.com/cirglo.com/dfs/pkg/mocks/SecurityService.go:497.2,497.15 1 0
github.com/cirglo.com/dfs/pkg/mocks/SecurityService.go:507.100,509.2 1 0
github.com/cirglo.com/dfs/pkg/mocks/SecurityService.go:511.105,512.40 1 0
github.com/cirglo.com/dfs/pkg/mocks/SecurityService.go:512.40,514.3 1 0
github.com/cirglo.com/dfs/pkg/mocks/SecurityService.go:515.2,515.11 1 0
github.com/cirglo.com/dfs/pkg/mocks/SecurityService.go:518.107,521.2 2 0
github.com/cirglo.com/dfs/pkg/mocks/SecurityService.go:523.124,526.2 2 0
github.com/cirglo.com/dfs/pkg/mocks/SecurityService.go:529.72,532.19 2 0
github.com/cirglo.com/dfs/pkg/mocks/SecurityService.go:532.19,533.49 1 0
github.com/cirglo.com/dfs/pkg/mocks/SecurityService.go:536.2,538.64 3 0
github.com/cirglo.com/dfs/pkg/mocks/SecurityService.go:538.64,540.3 1 0
github.com/cirglo.com/dfs/pkg/mocks/SecurityService.go:541.2,541.55 1 0
github.com/cirglo.com/dfs/pkg/mocks/SecurityService.go:541.55,543.3 1 0
github.com/cirglo.com/dfs/pkg/mocks/SecurityService.go:543.8,545.3 1 0
github.com/cirglo.com/dfs/pkg/mocks/SecurityService.go:547.2,547.51 1 0
github.com/cirglo.com/dfs/pkg/mocks/SecurityService.go:547.51,549.3 1 0
github.com/cirglo.com/dfs/pkg/mocks/SecurityService.go:549.8,551.3 1 0
github.com/cirglo.com/dfs/pkg/mocks/SecurityService.go:553.2,553.15 1 0
github.com/cirglo.com/dfs/pkg/mocks/SecurityService.go:563.97,565.2 1 0
github.com/cirglo.com/dfs/pkg/mocks/SecurityService.go:567.102,568.40 1 0
github.com/cirglo.com/dfs/pkg/mocks/SecurityService.go:568.40,570.3 1 0
github.com/cirglo.com/dfs/pkg/mocks/SecurityService.go:571.2,571.11 1 0
github.com/cirglo.com/dfs/pkg/mocks/SecurityService.go:574.104,577.2 2 0
github.com/cirglo.com/dfs/pkg/mocks/SecurityService.go:579.121,582.2 2 0
github.com/cirglo.com/dfs/pkg/mocks/SecurityService.go:585.55,588.19 2 0
github.com/cirglo.com/dfs/pkg/mocks/SecurityService.go:588.19,589.48 1 0
github.com/cirglo.com/dfs/pkg/mocks/SecurityService.go:592.2,593.51 2 0
github.com/cirglo.com/dfs/pkg/mocks/SecurityService.go:593.51,595.3 1 0
github.com/cirglo.com/dfs/pkg/mocks/SecurityService.go:595.8,597.3 1 0
github.com/cirglo.com/dfs/pkg/mocks/SecurityService.go:599.2,599.11 1 0
github.com/cirglo.com/dfs/pkg/mocks/SecurityService.go:609.92,611.2 1 0
github.com/cirglo.com/dfs/pkg/mocks/SecurityService.go:613.97,614.40 1 0
github.com/cirglo.com/dfs/pkg/mocks/SecurityService.go:614.40,616.3 1 0
github.com/cirglo.com/dfs/pkg/mocks/SecurityService.go:617.2,617.11 1 0
github.com/cirglo.com/dfs/pkg/mocks/SecurityService.go:620.87,623.2 2 0
github.com/cirglo.com/dfs/pkg/mocks/SecurityService.go:625.106,628.2 2 0
github.com/cirglo.com/dfs/pkg/mocks/SecurityService.go:631.79,634.19 2 0
github.com/cirglo.com/dfs/pkg/mocks/SecurityService.go:634.19,635.59 1 0
github.com/cirglo.com/dfs/pkg/mocks/SecurityService.go:638.2,640.64 3 0
github.com/cirglo.com/dfs/pkg/mocks/SecurityService.go:640.64,642.3 1 0
github.com/cirglo.com/dfs/pkg/mocks/SecurityService.go:643.2,643.55 1 0
github.com/cirglo.com/dfs/pkg/mocks/SecurityService.go:643.55,645.3 1 0
github.com/cirglo.com/dfs/pkg/mocks/SecurityService.go:645.8,647.3 1 0
github.com/cirglo.com/dfs/pkg/mocks/SecurityService.go:649.2,649.51 1 0
github.com/cirglo.com/dfs/pkg/mocks/SecurityService.go:649.51,651.3 1 0
github.com/cirglo.com/dfs/pkg/mocks/SecurityService.go:651.8,653.3 1 0
github.com/cirglo.com/dfs/pkg/mocks/SecurityService.go:655.2,655.15 1 0
github.com/cirglo.com/dfs/pkg/mocks/SecurityService.go:665.114,667.2 1 0
github.com/cirglo.com/dfs/pkg/mocks/SecurityService.go:669.119,670.40 1 0
github.com/cirglo.com/dfs/pkg/mocks/SecurityService.go:670.40,672.3 1 0
github.com/cirglo.com/dfs/pkg/mocks/SecurityService.go:673.2,673.11 1 0
github.com/cirglo.com/dfs/pkg/mocks/SecurityService.go:676.124,679.2 2 0
github.com/cirglo.com/dfs/pkg/mocks/SecurityService.go:681.141,684.2 2 0
github.com/cirglo.com/dfs/pkg/mocks/SecurityService.go:687.89,690.19 2 0
github.com/cirglo.com/dfs/pkg/mocks/SecurityService.go:690.19,691.61 1 0
github.com/cirglo.com/dfs/pkg/mocks/SecurityService.go:694.2,695.59 2 0
github.com/cirglo.com/dfs/pkg/mocks/SecurityService.go:695.59,697.3 1 0
github.com/cirglo.com/dfs/pkg/mocks/SecurityService.go:697.8,699.3 1 0
github.com/cirglo.com/dfs/pkg/mocks/SecurityService.go:701.2,701.11 1 0
github.com/cirglo.com/dfs/pkg/mocks/SecurityService.go:712.144,714.2 1 0
github.com/cirglo.com/dfs/pkg/mocks/SecurityService.go:716.144,717.40 1 0
github.com/cirglo.com/dfs/pkg/mocks/SecurityService.go:717.40,719.3 1 0
github.com/cirglo.com/dfs/pkg/mocks/SecurityService.go:720.2,720.11 1 0
github.com/cirglo.com/dfs/pkg/mocks/SecurityService.go:723.113,726.2 2 0
github.com/cirglo.com/dfs/pkg/mocks/SecurityService.go:728.140,731.2 2 0
github.com/cirglo.com/dfs/pkg/mocks/SecurityService.go:738.21,742.19 3 0
github.com/cirglo.com/dfs/pkg/mocks/SecurityService.go:742.19,742.49 1 0
github.com/cirglo.com/dfs/pkg/mocks/SecurityService.go:744.2,744.13 1 0
github.com/cirglo.com/dfs/pkg/proto/connection.go:10.55,11.53 1 0
github.com/cirglo.com/dfs/pkg/proto/connection.go:11.53,13.3 1 0
github.com/cirglo.com/dfs/pkg/proto/names.pb.go:33.30,38.2 4 0
github.com/cirglo.com/dfs/pkg/proto/names.pb.go:40.38,42.2 1 0
github.com/cirglo.com/dfs/pkg/proto/names.pb.go:44.36,44.37 0 0
github.com/cirglo.com/dfs/pkg/proto/names.pb.go:46.58,48.14 2 0
github.com/cirglo.com/dfs/pkg/proto/names.pb.go:48.14,50.34 2 0
github.com/cirglo.com/dfs/pkg/proto/names.pb.go:50.34,52.4 1 0
github.com/cirglo.com/dfs/pkg/proto/names.pb.go:53.3,53.12 1 0
github.com/cirglo.com/dfs/pkg/proto/names.pb.go:55.2,55.24 1 0
github.com/cirglo.com/dfs/pkg/proto/names.pb.go:59.49,61.2 1 0
github.com/cirglo.com/dfs/pkg/proto/names.pb.go:63.37,64.14 1 0
github.com/cirglo.com/dfs/pkg/proto/names.pb.go:64.14,66.3 1 0
github.com/cirglo.com/dfs/pkg/proto/names.pb.go:67.2,67.14 1 0
github.com/cirglo.com/dfs/pkg/proto/names.pb.go:70.38,71.14 1 0
github.com/cirglo.com/dfs/pkg/proto/names.pb.go:71.14,73.3 1 0
github.com/cirglo.com/dfs/pkg/proto/names.pb.go:74.2,74.14 1 0
github.com/cirglo.com/dfs/pkg/proto/names.pb.go:77.39,78.14 1 0
github.com/cirglo.com/dfs/pkg/proto/names.pb.go:78.14,80.3 1 0
github.com/cirglo.com/dfs/pkg/proto/names.pb.go:81.2,81.14 1 0
github.com/cirglo.com/dfs/pkg/proto/names.pb.go:95.31,100.2 4 0
github.com/cirglo.com/dfs/pkg/proto/names.pb.go:102.39,104.2 1 0
github.com/cirglo.com/dfs/pkg/proto/names.pb.go:106.37,106.38 0 0
github.com/cirglo.com/dfs/pkg/proto/names.pb.go:108.59,110.14 2 0
github.com/cirglo.com/dfs/pkg/proto/names.pb.go:110.14,112.34 2 0
github.com/cirglo.com/dfs/pkg/proto/names.pb.go:112.34,114.4 1 0
github.com/cirglo.com/dfs/pkg/proto/names.pb.go:115.3,115.12 1 0
github.com/cirglo.com/dfs/pkg/proto/names.pb.go:117.2,117.24 1 0
github.com/cirglo.com/dfs/pkg/proto/names.pb.go:121.50,123.2 1 0
github.com/cirglo.com/dfs/pkg/proto/names.pb.go:125.41,126.14 1 0
github.com/cirglo.com/dfs/pkg/proto/names.pb.go:126.14,128.3 1 0
github.com/cirglo.com/dfs/pkg/proto/names.pb.go:129.2,129.11 1 0
github.com/cirglo.com/dfs/pkg/proto/names.pb.go:132.41,133.14 1 0
github.com/cirglo.com/dfs/pkg/proto/names.pb.go:133.14,135.3 1 0
github.com/cirglo.com/dfs/pkg/proto/names.pb.go:136.2,136.11 1 0
github.com/cirglo.com/dfs/pkg/proto/names.pb.go:139.56,140.14 1 0
github.com/cirglo.com/dfs/pkg/proto/names.pb.go:140.14,142.3 1 0
github.com/cirglo.com/dfs/pkg/proto/names.pb.go:143.2,143.12 1 0
github.com/cirglo.com/dfs/pkg/proto/names.pb.go:146.56,147.14 1 0
github.com/cirglo.com/dfs/pkg/proto/names.pb.go:147.14,149.3 1 0
github.com/cirglo.com/dfs/pkg/proto/names.pb.go:150.2,150.12 1 0
github.com/cirglo.com/dfs/pkg/proto/names.pb.go:153.56,154.14 1 0
github.com/cirglo.com/dfs/pkg/proto/names.pb.go:154.14,156.3 1 0
github.com/cirglo.com/dfs/pkg/proto/names.pb.go:157.2,157.12 1 0
github.com/cirglo.com/dfs/pkg/proto/names.pb.go:172.28,177.2 4 0
github.com/cirglo.com/dfs/pkg/proto/names.pb.go:179.36,181.2 1 0
github.com/cirglo.com/dfs/pkg/proto/names.pb.go:183.34,183.35 0 0
github.com/cirglo.com/dfs/pkg/proto/names.pb.go:185.56,187.14 2 0
github.com/cirglo.com/dfs/pkg/proto/names.pb.go:187.14,189.34 2 0
github.com/cirglo.com/dfs/pkg/proto/names.pb.go:189.34,191.4 1 0
github.com/cirglo.com/dfs/pkg/proto/names.pb.go:192.3,192.12 1 0
github.com/cirglo.com/dfs/pkg/proto/names.pb.go:194.2,194.24 1 0
github.com/cirglo.com/dfs/pkg/proto/names.pb.go:198.47,200.2 1 0
github.com/cirglo.com/dfs/pkg/proto/names.pb.go:202.37,203.14 1 0
github.com/cirglo.com/dfs/pkg/proto/names.pb.go:203.14,205.3 1 0
github.com/cirglo.com/dfs/pkg/proto/names.pb.go:206.2,206.11 1 0
github.com/cirglo.com/dfs/pkg/proto/names.pb.go:209.36,210.14 1 0
github.com/cirglo.com/dfs/pkg/proto/names.pb.go:210.14,212.3 1 0
github.com/cirglo.com/dfs/pkg/proto/names.pb.go:213.2,213.14 1 0
github.com/cirglo.com/dfs/pkg/proto/names.pb.go:216.50,217.14 1 0
github.com/cirglo.com/dfs/pkg/proto/names.pb.go:217.14,219.3 1 0
github.com/cirglo.com/dfs/pkg/proto/names.pb.go:220.2,220.12 1 0
github.com/cirglo.com/dfs/pkg/proto/names.pb.go:223.41,224.14 1 0
github.com/cirglo.com/dfs/pkg/proto/names.pb.go:224.14,226.3 1 0
github.com/cirglo.com/dfs/pkg/proto/names.pb.go:227.2,227.10 1 0
github.com/cirglo.com/dfs/pkg/proto/names.pb.go:230.42,231.14 1 0
github.com/cirglo.com/dfs/pkg/proto/names.pb.go:231.14,233.3 1 0
github.com/cirglo.com/dfs/pkg/proto/names.pb.go:234.2,234.10 1 0
github.com/cirglo.com/dfs/pkg/proto/names.pb.go:237.42,238.14 1 0
github.com/cirglo.com/dfs/pkg/proto/names.pb.go:238.14,240.3 1 0
github.com/cirglo.com/dfs/pkg/proto/names.pb.go:241.2,241.10 1 0
github.com/cirglo.com/dfs/pkg/proto/names.pb.go:256.33,261.2 4 0
github.com/cirglo.com/dfs/pkg/proto/names.pb.go:263.41,265.2 1 0
github.com/cirglo.com/dfs/pkg/proto/names.pb.go:267.39,267.40 0 0
github.com/cirglo.com/dfs/pkg/proto/names.pb.go:269.61,271.14 2 0
github.com/cirglo.com/dfs/pkg/proto/names.pb.go:271.14,273.34 2 0
github.com/cirglo.com/dfs/pkg/proto/names.pb.go:273.34,275.4 1 0
github.com/cirglo.com/dfs/pkg/proto/names.pb.go:276.3,276.12 1 0
github.com/cirglo.com/dfs/pkg/proto/names.pb.go:278.2,278.24 1 0
github.com/cirglo.com/dfs/pkg/proto/names.pb.go:282.52,284.2 1 0
github.com/cirglo.com/dfs/pkg/proto/names.pb.go:286.42,287.14 1 0
github.com/cirglo.com/dfs/pkg/proto/names.pb.go:287.14,289.3 1 0
github.com/cirglo.com/dfs/pkg/proto/names.pb.go:290.2,290.11 1 0
github.com/cirglo.com/dfs/pkg/proto/names.pb.go:293.42,294.14 1 0
github.com/cirglo.com/dfs/pkg/proto/names.pb.go:294.14,296.3 1 0
github.com/cirglo.com/dfs/pkg/proto/names.pb.go:297.2,297.10 1 0
github.com/cirglo.com/dfs/pkg/proto/names.pb.go:300.45,301.14 1 0
github.com/cirglo.com/dfs/pkg/proto/names.pb.go:301.14,303.3 1 0
github.com/cirglo.com/dfs/pkg/proto/names.pb.go:304.2,304.11 1 0
github.com/cirglo.com/dfs/pkg/proto/names.pb.go:307.41,308.14 1 0
github.com/cirglo.com/dfs/pkg/proto/names.pb.go:308.14,310.3 1 0
github.com/cirglo.com/dfs/pkg/proto/names.pb.go:311.2,311.10 1 0
github.com/cirglo.com/dfs/pkg/proto/names.pb.go:314.46,315.14 1 0
github.com/cirglo.com/dfs/pkg/proto/names.pb.go:315.14,317.3 1 0
github.com/cirglo.com/dfs/pkg/proto/names.pb.go:318.2,318.10 1 0
github.com/cirglo.com/dfs/pkg/proto/names.pb.go:321.44,322.14 1 0
github.com/cirglo.com/dfs/pkg/proto/names.pb.go:322.14,324.3 1 0
github.com/cirglo.com/dfs/pkg/proto/names.pb.go:325.2,325.10 1 0
github.com/cirglo.com/dfs/pkg/proto/names.pb.go:336.32,341.2 4 0
github.com/cirglo.com/dfs/pkg/proto/names.pb.go:343.40,345.2 1 0
github.com/cirglo.com/dfs/pkg/proto/names.pb.go:347.38,347.39 0 0
github.com/cirglo.com/dfs/pkg/proto/names.pb.go:349.60,351.14 2 0
github.com/cirglo.com/dfs/pkg/proto/names.pb.go:351.14,353.34 2 0
github.com/cirglo.com/dfs/pkg/proto/names.pb.go:353.34,355.4 1 0
github.com/cirglo.com/dfs/pkg/proto/names.pb.go:356.3,356.12 1 0
github.com/cirglo.com/dfs/pkg/proto/names.pb.go:358.2,358.24 1 0
github.com/cirglo.com/dfs/pkg/proto/names.pb.go:362.51,364.2 1 0
github.com/cirglo.com/dfs/pkg/proto/names.pb.go:366.41,367.14 1 0
github.com/cirglo.com/dfs/pkg/proto/names.pb.go:367.14,369.3 1 0
github.com/cirglo.com/dfs/pkg/proto/names.pb.go:370.2,370.11 1 0
github.com/cirglo.com/dfs/pkg/proto/names.pb.go:373.51,374.14 1 0
github.com/cirglo.com/dfs/pkg/proto/names.pb.go:374.14,376.3 1 0
github.com/cirglo.com/dfs/pkg/proto/names.pb.go:377.2,377.11 1 0
github.com/cirglo.com/dfs/pkg/proto/names.pb.go:388.33,393.2 4 0
github.com/cirglo.com/dfs/pkg/proto/names.pb.go:395.41,397.2 1 0
github.com/cirglo.com/dfs/pkg/proto/names.pb.go:399.39,399.40 0 0
github.com/cirglo.com/dfs/pkg/proto/names.pb.go:401.61,403.14 2 0
github.com/cirglo.com/dfs/pkg/proto/names.pb.go:403.14,405.34 2 0
github.com/cirglo.com/dfs/pkg/proto/names.pb.go:405.34,407.4 1 0
github.com/cirglo.com/dfs/pkg/proto/names.pb.go:408.3,408.12 1 0
github.com/cirglo.com/dfs/pkg/proto/names.pb.go:410.2,410.24 1 0
github.com/cirglo.com/dfs/pkg/proto/names.pb.go:414.52,416.2 1 0
github.com/cirglo.com/dfs/pkg/proto/names.pb.go:418.42,419.14 1 0
github.com/cirglo.com/dfs/pkg/proto/names.pb.go:419.14,421.3 1 0
github.com/cirglo.com/dfs/pkg/proto/names.pb.go:422.2,422.11 1 0
github.com/cirglo.com/dfs/pkg/proto/names.pb.go:425.43,426.14 1 0
github.com/cirglo.com/dfs/pkg/proto/names.pb.go:426.14,428.3 1 0
github.com/cirglo.com/dfs/pkg/proto/names.pb.go:429.2,429.11 1 0
github.com/cirglo.com/dfs/pkg/proto/names.pb.go:439.33,444.2 4 0
github.com/cirglo.com/dfs/pkg/proto/names.pb.go:446.41,448.2 1 0
github.com/cirglo.com/dfs/pkg/proto/names.pb.go:450.39,450.40 0 0
github.com/cirglo.com/dfs/pkg/proto/names.pb.go:452.61,454.14 2 0
github.com/cirglo.com/dfs/pkg/proto/names.pb.go:454.14,456.34 2 0
github.com/cirglo.com/dfs/pkg/proto/names.pb.go:456.34,458.4 1 0
github.com/cirglo.com/dfs/pkg/proto/names.pb.go:459.3,459.12 1 0
github.com/cirglo.com/dfs/pkg/proto/names.pb.go:461.2,461.24 1 0
github.com/cirglo.com/dfs/pkg/proto/names.pb.go:465.52,467.2 1 0
github.com/cirglo.com/dfs/pkg/proto/names.pb.go:469.43,470.14 1 0
github.com/cirglo.com/dfs/pkg/proto/names.pb.go:470.14,472.3 1 0
github.com/cirglo.com/dfs/pkg/proto/names.pb.go:473.2,473.11 1 0
github.com/cirglo.com/dfs/pkg/proto/names.pb.go:482.34,487.2 4 0
github.com/cirglo.com/dfs/pkg/proto/names.pb.go:489.42,491.2 1 0
github.com/cirglo.com/dfs/pkg/proto/names.pb.go:493.40,493.41 0 0
github.com/cirglo.com/dfs/pkg/proto/names.pb.go:495.62,497.14 2 0
github.com/cirglo.com/dfs/pkg/proto/names.pb.go:497.14,499.34 2 0
github.com/cirglo.com/dfs/pkg/proto/names.pb.go:499.34,501.4 1 0
github.com/cirglo.com/dfs/pkg/proto/names.pb.go:502.3,502.12 1 0
github.com/cirglo.com/dfs/pkg/proto/names.pb.go:504.2,504.24 1 0
github.com/cirglo.com/dfs/pkg/proto/names.pb.go:508.53,510.2 1 0
github.com/cirglo.com/dfs/pkg/proto/names.pb.go:521.37,526.2 4 0
github.com/cirglo.com/dfs/pkg/proto/names.pb.go:528.45,530.2 1 0
github.com/cirglo.com/dfs/pkg/proto/names.pb.go:532.43,532.44 0 0
github.com/cirglo.com/dfs/pkg/proto/names.pb.go:534.65,536.14 2 0
github.com/cirglo.com/dfs/pkg/proto/names.pb.go:536.14,538.34 2 0
github.com/cirglo.com/dfs/pkg/proto/names.pb.go:538.34,540.4 1 0
github.com/cirglo.com/dfs/pkg/proto/names.pb.go:541.3,541.12 1 0
github.com/cirglo.com/dfs/pkg/proto/names.pb.go:543.2,543.24 1 0
github.com/cirglo.com/dfs/pkg/proto/names.pb.go:547.56,549.2 1 0
github.com/cirglo.com/dfs/pkg/proto/names.pb.go:551.47,552.14 1 0
github.com/cirglo.com/dfs/pkg/proto/names.pb.go:552.14,554.3 1 0
github.com/cirglo.com/dfs/pkg/proto/names.pb.go:555.2,555.11 1 0
github.com/cirglo.com/dfs/pkg/proto/names.pb.go:558.46,559.14 1 0
github.com/cirglo.com/dfs/pkg/proto/names.pb.go:559.14,561.3 1 0
github.com/cirglo.com/dfs/pkg/proto/names.pb.go:562.2,562.11 1 0
github.com/cirglo.com/dfs/pkg/proto/names.pb.go:565.59,566.14 1 0
github.com/cirglo.com/dfs/pkg/proto/names.pb.go:566.14,568.3 1 0
github.com/cirglo.com/dfs/pkg/proto/names.pb.go:569.2,569.12 1 0
github.com/cirglo.com/dfs/pkg/proto/names.pb.go:578.38,583.2 4 0
github.com/cirglo.com/dfs/pkg/proto/names.pb.go:585.46,587.2 1 0
github.com/cirglo.com/dfs/pkg/proto/names.pb.go:589.44,589.45 0 0
github.com/cirglo.com/dfs/pkg/proto/names.pb.go:591.66,593.14 2 0
github.com/cirglo.com/dfs/pkg/proto/names.pb.go:593.14,595.34 2 0
github.com/cirglo.com/dfs/pkg/proto/names.pb.go:595.34,597.4 1 0
github.com/cirglo.com/dfs/pkg/proto/names.pb.go:598.3,598.12 1 0
github.com/cirglo.com/dfs/pkg/proto/names.pb.go:600.2,600.24 1 0
github.com/cirglo.com/dfs/pkg/proto/names.pb.go:604.57,606.2 1 0
github.com/cirglo.com/dfs/pkg/proto/names.pb.go:617.36,622.2 4 0
github.com/cirglo.com/dfs/pkg/proto/names.pb.go:624.44,626.2 1 0
github.com/cirglo.com/dfs/pkg/proto/names.pb.go:628.42,628.43 0 0
github.com/cirglo.com/dfs/pkg/proto/names.pb.go:630.64,632.14 2 0
github.com/cirglo.com/dfs/pkg/proto/names.pb.go:632.14,634.34 2 0
github.com/cirglo.com/dfs/pkg/proto/names.pb.go:634.34,636.4 1 0
github.com/cirglo.com/dfs/pkg/proto/names.pb.go:637.3,637.12 1 0
github.com/cirglo.com/dfs/pkg/proto/names.pb.go:639.2,639.24 1 0
github.com/cirglo.com/dfs/pkg/proto/names.pb.go:643.55,645.2 1 0
github.com/cirglo.com/dfs/pkg/proto/names.pb.go:647.46,648.14 1 0
github.com/cirglo.com/dfs/pkg/proto/names.pb.go:648.14,650.3 1 0
github.com/cirglo.com/dfs/pkg/proto/names.pb.go:651.2,651.11 1 0
github.com/cirglo.com/dfs/pkg/proto/names.pb.go:654.45,655.14 1 0
github.com/cirglo.com/dfs/pkg/proto/names.pb.go:655.14,657.3 1 0
github.com/cirglo.com/dfs/pkg/proto/names.pb.go:658.2,658.11 1 0
github.com/cirglo.com/dfs/pkg/proto/names.pb.go:661.58,662.14 1 0
github.com/cirglo.com/dfs/pkg/proto/names.pb.go:662.14,664.3 1 0
github.com/cirglo.com/dfs/pkg/proto/names.pb.go:665.2,665.12 1 0
github.com/cirglo.com/dfs/pkg/proto/names.pb.go:674.37,679.2 4 0
github.com/cirglo.com/dfs/pkg/proto/names.pb.go:681.45,683.2 1 0
github.com/cirglo.com/dfs/pkg/proto/names.pb.go:685.43,685.44 0 0
github.com/cirglo.com/dfs/pkg/proto/names.pb.go:687.65,689.14 2 0
github.com/cirglo.com/dfs/pkg/proto/names.pb.go:689.14,691.34 2 0
github.com/cirglo.com/dfs/pkg/proto/names.pb.go:691.34,693.4 1 0
github.com/cirglo.com/dfs/pkg/proto/names.pb.go:694.3,694.12 1 0
github.com/cirglo.com/dfs/pkg/proto/names.pb.go:696.2,696.24 1 0
github.com/cirglo.com/dfs/pkg/proto/names.pb.go:700.56,702.2 1 0
github.com/cirglo.com/dfs/pkg/proto/names.pb.go:712.37,717.2 4 0
github.com/cirglo.com/dfs/pkg/proto/names.pb.go:719.45,721.2 1 0
github.com/cirglo.com/dfs/pkg/proto/names.pb.go:723.43,723.44 0 0
github.com/cirglo.com/dfs/pkg/proto/names.pb.go:725.65,727.14 2 0
github.com/cirglo.com/dfs/pkg/proto/names.pb.go:727.14,729.34 2 0
github.com/cirglo.com/dfs/pkg/proto/names.pb.go:729.34,731.4 1 0
github.com/cirglo.com/dfs/pkg/proto/names.pb.go:732.3,732.12 1 0
github.com/cirglo.com/dfs/pkg/proto/names.pb.go:734.2,734.24 1 0
github.com/cirglo.com/dfs/pkg/proto/names.pb.go:738.56,740.2 1 0
github.com/cirglo.com/dfs/pkg/proto/names.pb.go:742.47,743.14 1 0
github.com/cirglo.com/dfs/pkg/proto/names.pb.go:743.14,745.3 1 0
github.com/cirglo.com/dfs/pkg/proto/names.pb.go:746.2,746.11 1 0
github.com/cirglo.com/dfs/pkg/proto/names.pb.go:749.46,750.14 1 0
github.com/cirglo.com/dfs/pkg/proto/names.pb.go:750.14,752.3 1 0
github.com/cirglo.com/dfs/pkg/proto/names.pb.go:753.2,753.11 1 0
github.com/cirglo.com/dfs/pkg/proto/names.pb.go:762.38,767.2 4 0
github.com/cirglo.com/dfs/pkg/proto/names.pb.go:769.46,771.2 1 0
github.com/cirglo.com/dfs/pkg/proto/names.pb.go:773.44,773.45 0 0
github.com/cirglo.com/dfs/pkg/proto/names.pb.go:775.66,777.14 2 0
github.com/cirglo.com/dfs/pkg/proto/names.pb.go:777.14,779.34 2 0
github.com/cirglo.com/dfs/pkg/proto/names.pb.go:779.34,781.4 1 0
github.com/cirglo.com/dfs/pkg/proto/names.pb.go:782.3,782.12 1 0
github.com/cirglo.com/dfs/pkg/proto/names.pb.go:784.2,784.24 1 0
github.com/cirglo.com/dfs/pkg/proto/names.pb.go:788.57,790.2 1 0
github.com/cirglo.com/dfs/pkg/proto/names.pb.go:800.36,805.2 4 0
github.com/cirglo.com/dfs/pkg/proto/names.pb.go:807.44,809.2 1 0
github.com/cirglo.com/dfs/pkg/proto/names.pb.go:811.42,811.43 0 0
github.com/cirglo.com/dfs/pkg/proto/names.pb.go:813.64,815.14 2 0
github.com/cirglo.com/dfs/pkg/proto/names.pb.go:815.14,817.34 2 0
github.com/cirglo.com/dfs/pkg/proto/names.pb.go:817.34,819.4 1 0
github.com/cirglo.com/dfs/pkg/proto/names.pb.go:820.3,820.12 1 0
github.com/cirglo.com/dfs/pkg/proto/names.pb.go:822.2,822.24 1 0
github.com/cirglo.com/dfs/pkg/proto/names.pb.go:826.55,828.2 1 0
github.com/cirglo.com/dfs/pkg/proto/names.pb.go:830.46,831.14 1 0
github.com/cirglo.com/dfs/pkg/proto/names.pb.go:831.14,833.3 1 0
github.com/cirglo.com/dfs/pkg/proto/names.pb.go:834.2,834.11 1 0
github.com/cirglo.com/dfs/pkg/proto/names.pb.go:837.45,838.14 1 0
github.com/cirglo.com/dfs/pkg/proto/names.pb.go:838.14,840.3 1 0
github.com/cirglo.com/dfs/pkg/proto/names.pb.go:841.2,841.11 1 0
github.com/cirglo.com/dfs/pkg/proto/names.pb.go:850.37,855.2 4 0
github.com/cirglo.com/dfs/pkg/proto/names.pb.go:857.45,859.2 1 0
github.com/cirglo.com/dfs/pkg/proto/names.pb.go:861.43,861.44 0 0
github.com/cirglo.com/dfs/pkg/proto/names.pb.go:863.65,865.14 2 0
github.com/cirglo.com/dfs/pkg/proto/names.pb.go:865.14,867.34 2 0
github.com/cirglo.com/dfs/pkg/proto/names.pb.go:867.34,869.4 1 0
github.com/cirglo.com/dfs/pkg/proto/names.pb.go:870.3,870.12 1 0
github.com/cirglo.com/dfs/pkg/proto/names.pb.go:872.2,872.24 1 0
github.com/cirglo.com/dfs/pkg/proto/names.pb.go:876.56,878.2 1 0
github.com/cirglo.com/dfs/pkg/proto/names.pb.go:888.31,893.2 4 0
github.com/cirglo.com/dfs/pkg/proto/names.pb.go:895.39,897.2 1 0
github.com/cirglo.com/dfs/pkg/proto/names.pb.go:899.37,899.38 0 0
github.com/cirglo.com/dfs/pkg/proto/names.pb.go:901.59,903.14 2 0
github.com/cirglo.com/dfs/pkg/proto/names.pb.go:903.14,905.34 2 0
github.com/cirglo.com/dfs/pkg/proto/names.pb.go:905.34,907.4 1 0
github.com/cirglo.com/dfs/pkg/proto/names.pb.go:908.3,908.12 1 0
github.com/cirglo.com/dfs/pkg/proto/names.pb.go:910.2,910.24 1 0
github.com/cirglo.com/dfs/pkg/proto/names.pb.go:914.50,916.2 1 0
github.com/cirglo.com/dfs/pkg/proto/names.pb.go:918.41,919.14 1 0
github.com/cirglo.com/dfs/pkg/proto/names.pb.go:919.14,921.3 1 0
github.com/cirglo.com/dfs/pkg/proto/names.pb.go:922.2,922.11 1 0
github.com/cirglo.com/dfs/pkg/proto/names.pb.go:925.40,926.14 1 0
github.com/cirglo.com/dfs/pkg/proto/names.pb.go:926.14,928.3 1 0
github.com/cirglo.com/dfs/pkg/proto/names.pb.go:929.2,929.11 1 0
github.com/cirglo.com/dfs/pkg/proto/names.pb.go:940.32,945.2 4 0
github.com/cirglo.com/dfs/pkg/proto/names.pb.go:947.40,949.2 1 0
github.com/cirglo.com/dfs/pkg/proto/names.pb.go:951.38,951.39 0 0
github.com/cirglo.com/dfs/pkg/proto/names.pb.go:953.60,955.14 2 0
github.com/cirglo.com/dfs/pkg/proto/names.pb.go:955.14,957.34 2 0
github.com/cirglo.com/dfs/pkg/proto/names.pb.go:957.34,959.4 1 0
github.com/cirglo.com/dfs/pkg/proto/names.pb.go:960.3,960.12 1 0
github.com/cirglo.com/dfs/pkg/proto/names.pb.go:962.2,962.24 1 0
github.com/cirglo.com/dfs/pkg/proto/names.pb.go:966.51,968.2 1 0
github.com/cirglo.com/dfs/pkg/proto/names.pb.go:970.41,971.14 1 0
github.com/cirglo.com/dfs/pkg/proto/names.pb.go:971.14,973.3 1 0
github.com/cirglo.com/dfs/pkg/proto/names.pb.go:974.2,974.11 1 0
github.com/cirglo.com/dfs/pkg/proto/names.pb.go:977.49,978.14 1 0
github.com/cirglo.com/dfs/pkg/proto/names.pb.go:978.14,980.3 1 0
github.com/cirglo.com/dfs/pkg/proto/names.pb.go:981.2,981.12 1 0
github.com/cirglo.com/dfs/pkg/proto/names.pb.go:992.31,997.2 4 0
github.com/cirglo.com/dfs/pkg/proto/names.pb.go:999.39,1001.2 1 0
github.com/cirglo.com/dfs/pkg/proto/names.pb.go:1003.37,1003.38 0 0
github.com/cirglo.com/dfs/pkg/proto/names.pb.go:1005.59,1007.14 2 0
github.com/cirglo.com/dfs/pkg/proto/names.pb.go:1007.14,1009.34 2 0
github.com/cirglo.com/dfs/pkg/proto/names.pb.go:1009.34,1011.4 1 0
github.com/cirglo.com/dfs/pkg/proto/names.pb.go:1012.3,1012.12 1 0
github.com/cirglo.com/dfs/pkg/proto/names.pb.go:1014.2,1014.24 1 0
github.com/cirglo.com/dfs/pkg/proto/names.pb.go:1018.50,1020.2 1 0
github.com/cirglo.com/dfs/pkg/proto/names.pb.go:1022.41,1023.14 1 0
github.com/cirglo.com/dfs/pkg/proto/names.pb.go:1023.14,1025.3 1 0
github.com/cirglo.com/dfs/pkg/proto/names.pb.go:1026.2,1026.11 1 0
github.com/cirglo.com/dfs/pkg/proto/names.pb.go:1029.40,1030.14 1 0
github.com/cirglo.com/dfs/pkg/proto/names.pb.go:1030.14,1032.3 1 0
github.com/cirglo.com/dfs/pkg/proto/names.pb.go:1033.2,1033.11 1 0
github.com/cirglo.com/dfs/pkg/proto/names.pb.go:1045.32,1050.2 4 0
github.com/cirglo.com/dfs/pkg/proto/names.pb.go:1052.40,1054.2 1 0
github.com/cirglo.com/dfs/pkg/proto/names.pb.go:1056.38,1056.39 0 0
github.com/cirglo.com/dfs/pkg/proto/names.pb.go:1058.60,1060.14 2 0
github.com/cirglo.com/dfs/pkg/proto/names.pb.go:1060.14,1062.34 2 0
github.com/cirglo.com/dfs/pkg/proto/names.pb.go:1062.34,1064.4 1 0
github.com/cirglo.com/dfs/pkg/proto/names.pb.go:1065.3,1065.12 1 0
github.com/cirglo.com/dfs/pkg/proto/names.pb.go:1067.2,1067.24 1 0
github.com/cirglo.com/dfs/pkg/proto/names.pb.go:1071.51,1073.2 1 0
github.com/cirglo.com/dfs/pkg/proto/names.pb.go:1075.41,1076.14 1 0
github.com/cirglo.com/dfs/pkg/proto/names.pb.go:1076.14,1078.3 1 0
github.com/cirglo.com/dfs/pkg/proto/names.pb.go:1079.2,1079.11 1 0
github.com/cirglo.com/dfs/pkg/proto/names.pb.go:1082.45,1083.14 1 0
github.com/cirglo.com/dfs/pkg/proto/names.pb.go:1083.14,1085.3 1 0
github.com/cirglo.com/dfs/pkg/proto/names.pb.go:1086.2,1086.12 1 0
github.com/cirglo.com/dfs/pkg/proto/names.pb.go:1089.57,1090.14 1 0
github.com/cirglo.com/dfs/pkg/proto/names.pb.go:1090.14,1092.3 1 0
github.com/cirglo.com/dfs/pkg/proto/names.pb.go:1093.2,1093.12 1 0
github.com/cirglo.com/dfs/pkg/proto/names.pb.go:1190.44,1191.41 1 0
github.com/cirglo.com/dfs/pkg/proto/names.pb.go:1191.41,1193.3 1 0
github.com/cirglo.com/dfs/pkg/proto/names.pb.go:1194.2,1194.37 1 0
github.com/cirglo.com/dfs/pkg/proto/names.pb.go:1253.13,1253.40 1 0
github.com/cirglo.com/dfs/pkg/proto/names.pb.go:1254.30,1255.29 1 0
github.com/cirglo.com/dfs/pkg/proto/names.pb.go:1255.29,1257.3 1 0
github.com/cirglo.com/dfs/pkg/proto/names.pb.go:1258.2,1274.32 5 0
github.com/cirglo.com/dfs/pkg/proto/names_grpc.pb.go:50.60,52.2 1 0
github.com/cirglo.com/dfs/pkg/proto/names_grpc.pb.go:54.116,58.16 4 0
github.com/cirglo.com/dfs/pkg/proto/names_grpc.pb.go:58.16,60.3 1 0
github.com/cirglo.com/dfs/pkg/proto/names_grpc.pb.go:61.2,61.17 1 0
github.com/cirglo.com/dfs/pkg/proto/names_grpc.pb.go:64.119,68.16 4 0
github.com/cirglo.com/dfs/pkg/proto/names_grpc.pb.go:68.16,70.3 1 0
github.com/cirglo.com/dfs/pkg/proto/names_grpc.pb.go:71.2,71.17 1 0
github.com/cirglo.com/dfs/pkg/proto/names_grpc.pb.go:74.131,78.16 4 0
github.com/cirglo.com/dfs/pkg/proto/names_grpc.pb.go:78.16,80.3 1 0
github.com/cirglo.com/dfs/pkg/proto/names_grpc.pb.go:81.2,81.17 1 0
github.com/cirglo.com/dfs/pkg/proto/names_grpc.pb.go:84.128,88.16 4 0
github.com/cirglo.com/dfs/pkg/proto/names_grpc.pb.go:88.16,90.3 1 0
github.com/cirglo.com/dfs/pkg/proto/names_grpc.pb.go:91.2,91.17 1 0
github.com/cirglo.com/dfs/pkg/proto/names_grpc.pb.go:94.131,98.16 4 0
github.com/cirglo.com/dfs/pkg/proto/names_grpc.pb.go:98.16,100.3 1 0
github.com/cirglo.com/dfs/pkg/proto/names_grpc.pb.go:101.2,101.17 1 0
github.com/cirglo.com/dfs/pkg/proto/names_grpc.pb.go:104.128,108.16 4 0
github.com/cirglo.com/dfs/pkg/proto/names_grpc.pb.go:108.16,110.3 1 0
github.com/cirglo.com/dfs/pkg/proto/names_grpc.pb.go:111.2,111.17 1 0
github.com/cirglo.com/dfs/pkg/proto/names_grpc.pb.go:114.113,118.16 4 0
github.com/cirglo.com/dfs/pkg/proto/names_grpc.pb.go:118.16,120.3 1 0
github.com/cirglo.com/dfs/pkg/proto/names_grpc.pb.go:121.2,121.17 1 0
github.com/cirglo.com/dfs/pkg/proto/names_grpc.pb.go:124.113,128.16 4 0
github.com/cirglo.com/dfs/pkg/proto/names_grpc.pb.go:128.16,130.3 1 0
github.com/cirglo.com/dfs/pkg/proto/names_grpc.pb.go:131.2,131.17 1 0
github.com/cirglo.com/dfs/pkg/proto/names_grpc.pb.go:156.94,158.2 1 0
github.com/cirglo.com/dfs/pkg/proto/names_grpc.pb.go:159.97,161.2 1 0
github.com/cirglo.com/dfs/pkg/proto/names_grpc.pb.go:162.109,164.2 1 0
github.com/cirglo.com/dfs/pkg/proto/names_grpc.pb.go:165.106,167.2 1 0
github.com/cirglo.com/dfs/pkg/proto/names_grpc.pb.go:168.109,170.2 1 0
github.com/cirglo.com/dfs/pkg/proto/names_grpc.pb.go:171.106,173.2 1 0
github.com/cirglo.com/dfs/pkg/proto/names_grpc.pb.go:174.91,176.2 1 0
github.com/cirglo.com/dfs/pkg/proto/names_grpc.pb.go:177.91,179.2 1 0
github.com/cirglo.com/dfs/pkg/proto/names_grpc.pb.go:180.68,180.69 0 0
github.com/cirglo.com/dfs/pkg/proto/names_grpc.pb.go:181.68,181.69 0 0
github.com/cirglo.com/dfs/pkg/proto/names_grpc.pb.go:190.66,195.59 1 0
github.com/cirglo.com/dfs/pkg/proto/names_grpc.pb.go:195.59,197.3 1 0
github.com/cirglo.com/dfs/pkg/proto/names_grpc.pb.go:198.2,198.43 1 0
github.com/cirglo.com/dfs/pkg/proto/names_grpc.pb.go:201.155,203.32 2 0
github.com/cirglo.com/dfs/pkg/proto/names_grpc.pb.go:203.32,205.3 1 0
github.com/cirglo.com/dfs/pkg/proto/names_grpc.pb.go:206.2,206.24 1 0
github.com/cirglo.com/dfs/pkg/proto/names_grpc.pb.go:206.24,208.3 1 0
github.com/cirglo.com/dfs/pkg/proto/names_grpc.pb.go:209.2,213.77 2 0
github.com/cirglo.com/dfs/pkg/proto/names_grpc.pb.go:213.77,215.3 1 0
github.com/cirglo.com/dfs/pkg/proto/names_grpc.pb.go:216.2,216.44 1 0
github.com/cirglo.com/dfs/pkg/proto/names_grpc.pb.go:219.156,221.32 2 0
github.com/cirglo.com/dfs/pkg/proto/names_grpc.pb.go:221.32,223.3 1 0
github.com/cirglo.com/dfs/pkg/proto/names_grpc.pb.go:224.2,224.24 1 0
github.com/cirglo.com/dfs/pkg/proto/names_grpc.pb.go:224.24,226.3 1 0
github.com/cirglo.com/dfs/pkg/proto/names_grpc.pb.go:227.2,231.77 2 0
github.com/cirglo.com/dfs/pkg/proto/names_grpc.pb.go:231.77,233.3 1 0
github.com/cirglo.com/dfs/pkg/proto/names_grpc.pb.go:234.2,234.44 1 0
github.com/cirglo.com/dfs/pkg/proto/names_grpc.pb.go:237.160,239.32 2 0
github.com/cirglo.com/dfs/pkg/proto/names_grpc.pb.go:239.32,241.3 1 0
github.com/cirglo.com/dfs/pkg/proto/names_grpc.pb.go:242.2,242.24 1 0
github.com/cirglo.com/dfs/pkg/proto/names_grpc.pb.go:242.24,244.3 1 0
github.com/cirglo.com/dfs/pkg/proto/names_grpc.pb.go:245.2,249.77 2 0
github.com/cirglo.com/dfs/pkg/proto/names_grpc.pb.go:249.77,251.3 1 0
github.com/cirglo.com/dfs/pkg/proto/names_grpc.pb.go:252.2,252.44 1 0
github.com/cirglo.com/dfs/pkg/proto/names_grpc.pb.go:255.159,257.32 2 0
github.com/cirglo.com/dfs/pkg/proto/names_grpc.pb.go:257.32,259.3 1 0
github.com/cirglo.com/dfs/pkg/proto/names_grpc.pb.go:260.2,260.24 1 0
github.com/cirglo.com/dfs/pkg/proto/names_grpc.pb.go:260.24,262.3 1 0
github.com/cirglo.com/dfs/pkg/proto/names_grpc.pb.go:263.2,267.77 2 0
github.com/cirglo.com/dfs/pkg/proto/names_grpc.pb.go:267.77,269.3 1 0
github.com/cirglo.com/dfs/pkg/proto/names_grpc.pb.go:270.2,270.44 1 0
github.com/cirglo.com/dfs/pkg/proto/names_grpc.pb.go:273.160,275.32 2 0
github.com/cirglo.com/dfs/pkg/proto/names_grpc.pb.go:275.32,277.3 1 0
github.com/cirglo.com/dfs/pkg/proto/names_grpc.pb.go:278.2,278.24 1 0
github.com/cirglo.com/dfs/pkg/proto/names_grpc.pb.go:278.24,280.3 1 0
github.com/cirglo.com/dfs/pkg/proto/names_grpc.pb.go:281.2,285.77 2 0
github.com/cirglo.com/dfs/pkg/proto/names_grpc.pb.go:285.77,287.3 1 0
github.com/cirglo.com/dfs/pkg/proto/names_grpc.pb.go:288.2,288.44 1 0
github.com/cirglo.com/dfs/pkg/proto/names_grpc.pb.go:291.159,293.32 2 0
github.com/cirglo.com/dfs/pkg/proto/names_grpc.pb.go:293.32,295.3 1 0
github.com/cirglo.com/dfs/pkg/proto/names_grpc.pb.go:296.2,296.24 1 0
github.com/cirglo.com/dfs/pkg/proto/names_grpc.pb.go:296.24,298.3 1 0
github.com/cirglo.com/dfs/pkg/proto/names_grpc.pb.go:299.2,303.77 2 0
github.com/cirglo.com/dfs/pkg/proto/names_grpc.pb.go:303.77,305.3 1 0
github.com/cirglo.com/dfs/pkg/proto/names_grpc.pb.go:306.2,306.44 1 0
github.com/cirglo.com/dfs/pkg/proto/names_grpc.pb.go:309.154,311.32 2 0
github.com/cirglo.com/dfs/pkg/proto/names_grpc.pb.go:311.32,313.3 1 0
github.com/cirglo.com/dfs/pkg/proto/names_grpc.pb.go:314.2,314.24 1 0
github.com/cirglo.com/dfs/pkg/proto/names_grpc.pb.go:314.24,316.3 1 0
github.com/cirglo.com/dfs/pkg/proto/names_grpc.pb.go:317.2,321.77 2 0
github.com/cirglo.com/dfs/pkg/proto/names_grpc.pb.go:321.77,323.3 1 0
github.com/cirglo.com/dfs/pkg/proto/names_grpc.pb.go:324.2,324.44 1 0
github.com/cirglo.com/dfs/pkg/proto/names_grpc.pb.go:327.154,329.32 2 0
github.com/cirglo.com/dfs/pkg/proto/names_grpc.pb.go:329.32,331.3 1 0
github.com/cirglo.com/dfs/pkg/proto/names_grpc.pb.go:332.2,332.24 1 0
github.com/cirglo.com/dfs/pkg/proto/names_grpc.pb.go:332.24,334.3 1 0
github.com/cirglo.com/dfs/pkg/proto/names_grpc.pb.go:335.2,339.77 2 0
github.com/cirglo.com/dfs/pkg/proto/names_grpc.pb.go:339.77,341.3 1 0
github.com/cirglo.com/dfs/pkg/proto/names_grpc.pb.go:342.2,342.44 1 0
github.com/cirglo.com/dfs/pkg/proto/nodes.pb.go:35.29,40.2 4 0
github.com/cirglo.com/dfs/pkg/proto/nodes.pb.go:42.37,44.2 1 0
github.com/cirglo.com/dfs/pkg/proto/nodes.pb.go:46.35,46.36 0 0
github.com/cirglo.com/dfs/pkg/proto/nodes.pb.go:48.57,50.14 2 0
github.com/cirglo.com/dfs/pkg/proto/nodes.pb.go:50.14,52.34 2 0
github.com/cirglo.com/dfs/pkg/proto/nodes.pb.go:52.34,54.4 1 0
github.com/cirglo.com/dfs/pkg/proto/nodes.pb.go:55.3,55.12 1 0
github.com/cirglo.com/dfs/pkg/proto/nodes.pb.go:57.2,57.24 1 0
github.com/cirglo.com/dfs/pkg/proto/nodes.pb.go:61.48,63.2 1 0
github.com/cirglo.com/dfs/pkg/proto/nodes.pb.go:65.41,66.14 1 0
github.com/cirglo.com/dfs/pkg/proto/nodes.pb.go:66.14,68.3 1 0
github.com/cirglo.com/dfs/pkg/proto/nodes.pb.go:69.2,69.11 1 0
github.com/cirglo.com/dfs/pkg/proto/nodes.pb.go:72.37,73.14 1 0
github.com/cirglo.com/dfs/pkg/proto/nodes.pb.go:73.14,75.3 1 0
github.com/cirglo.com/dfs/pkg/proto/nodes.pb.go:76.2,76.10 1 0
github.com/cirglo.com/dfs/pkg/proto/nodes.pb.go:79.42,80.14 1 0
github.com/cirglo.com/dfs/pkg/proto/nodes.pb.go:80.14,82.3 1 0
github.com/cirglo.com/dfs/pkg/proto/nodes.pb.go:83.2,83.10 1 0
github.com/cirglo.com/dfs/pkg/proto/nodes.pb.go:86.40,87.14 1 0
github.com/cirglo.com/dfs/pkg/proto/nodes.pb.go:87.14,89.3 1 0
github.com/cirglo.com/dfs/pkg/proto/nodes.pb.go:90.2,90.10 1 0
github.com/cirglo.com/dfs/pkg/proto/nodes.pb.go:93.38,94.14 1 0
github.com/cirglo.com/dfs/pkg/proto/nodes.pb.go:94.14,96.3 1 0
github.com/cirglo.com/dfs/pkg/proto/nodes.pb.go:97.2,97.11 1 0
github.com/cirglo.com/dfs/pkg/proto/nodes.pb.go:107.40,112.2 4 0
github.com/cirglo.com/dfs/pkg/proto/nodes.pb.go:114.48,116.2 1 0
github.com/cirglo.com/dfs/pkg/proto/nodes.pb.go:118.46,118.47 0 0
github.com/cirglo.com/dfs/pkg/proto/nodes.pb.go:120.68,122.14 2 0
github.com/cirglo.com/dfs/pkg/proto/nodes.pb.go:122.14,124.34 2 0
github.com/cirglo.com/dfs/pkg/proto/nodes.pb.go:124.34,126.4 1 0
github.com/cirglo.com/dfs/pkg/proto/nodes.pb.go:127.3,127.12 1 0
github.com/cirglo.com/dfs/pkg/proto/nodes.pb.go:129.2,129.24 1 0
github.com/cirglo.com/dfs/pkg/proto/nodes.pb.go:133.59,135.2 1 0
github.com/cirglo.com/dfs/pkg/proto/nodes.pb.go:144.41,149.2 4 0
github.com/cirglo.com/dfs/pkg/proto/nodes.pb.go:151.49,153.2 1 0
github.com/cirglo.com/dfs/pkg/proto/nodes.pb.go:155.47,155.48 0 0
github.com/cirglo.com/dfs/pkg/proto/nodes.pb.go:157.69,159.14 2 0
github.com/cirglo.com/dfs/pkg/proto/nodes.pb.go:159.14,161.34 2 0
github.com/cirglo.com/dfs/pkg/proto/nodes.pb.go:161.34,163.4 1 0
github.com/cirglo.com/dfs/pkg/proto/nodes.pb.go:164.3,164.12 1 0
github.com/cirglo.com/dfs/pkg/proto/nodes.pb.go:166.2,166.24 1 0
github.com/cirglo.com/dfs/pkg/proto/nodes.pb.go:170.60,172.2 1 0
github.com/cirglo.com/dfs/pkg/proto/nodes.pb.go:174.62,175.14 1 0
github.com/cirglo.com/dfs/pkg/proto/nodes.pb.go:175.14,177.3 1 0
github.com/cirglo.com/dfs/pkg/proto/nodes.pb.go:178.2,178.12 1 0
github.com/cirglo.com/dfs/pkg/proto/nodes.pb.go:188.39,193.2 4 0
github.com/cirglo.com/dfs/pkg/proto/nodes.pb.go:195.47,197.2 1 0
github.com/cirglo.com/dfs/pkg/proto/nodes.pb.go:199.45,199.46 0 0
github.com/cirglo.com/dfs/pkg/proto/nodes.pb.go:201.67,203.14 2 0
github.com/cirglo.com/dfs/pkg/proto/nodes.pb.go:203.14,205.34 2 0
github.com/cirglo.com/dfs/pkg/proto/nodes.pb.go:205.34,207.4 1 0
github.com/cirglo.com/dfs/pkg/proto/nodes.pb.go:208.3,208.12 1 0
github.com/cirglo.com/dfs/pkg/proto/nodes.pb.go:210.2,210.24 1 0
github.com/cirglo.com/dfs/pkg/proto/nodes.pb.go:214.58,216.2 1 0
github.com/cirglo.com/dfs/pkg/proto/nodes.pb.go:218.46,219.14 1 0
github.com/cirglo.com/dfs/pkg/proto/nodes.pb.go:219.14,221.3 1 0
github.com/cirglo.com/dfs/pkg/proto/nodes.pb.go:222.2,222.11 1 0
github.com/cirglo.com/dfs/pkg/proto/nodes.pb.go:232.40,237.2 4 0
github.com/cirglo.com/dfs/pkg/proto/nodes.pb.go:239.48,241.2 1 0
github.com/cirglo.com/dfs/pkg/proto/nodes.pb.go:243.46,243.47 0 0
github.com/cirglo.com/dfs/pkg/proto/nodes.pb.go:245.68,247.14 2 0
github.com/cirglo.com/dfs/pkg/proto/nodes.pb.go:247.14,249.34 2 0
github.com/cirglo.com/dfs/pkg/proto/nodes.pb.go:249.34,251.4 1 0
github.com/cirglo.com/dfs/pkg/proto/nodes.pb.go:252.3,252.12 1 0
github.com/cirglo.com/dfs/pkg/proto/nodes.pb.go:254.2,254.24 1 0
github.com/cirglo.com/dfs/pkg/proto/nodes.pb.go:258.59,260.2 1 0
github.com/cirglo.com/dfs/pkg/proto/nodes.pb.go:262.58,263.14 1 0
github.com/cirglo.com/dfs/pkg/proto/nodes.pb.go:263.14,265.3 1 0
github.com/cirglo.com/dfs/pkg/proto/nodes.pb.go:266.2,266.12 1 0
github.com/cirglo.com/dfs/pkg/proto/nodes.pb.go:276.35,281.2 4 0
github.com/cirglo.com/dfs/pkg/proto/nodes.pb.go:283.43,285.2 1 0
github.com/cirglo.com/dfs/pkg/proto/nodes.pb.go:287.41,287.42 0 0
github.com/cirglo.com/dfs/pkg/proto/nodes.pb.go:289.63,291.14 2 0
github.com/cirglo.com/dfs/pkg/proto/nodes.pb.go:291.14,293.34 2 0
github.com/cirglo.com/dfs/pkg/proto/nodes.pb.go:293.34,295.4 1 0
github.com/cirglo.com/dfs/pkg/proto/nodes.pb.go:296.3,296.12 1 0
github.com/cirglo.com/dfs/pkg/proto/nodes.pb.go:298.2,298.24 1 0
github.com/cirglo.com/dfs/pkg/proto/nodes.pb.go:302.54,304.2 1 0
github.com/cirglo.com/dfs/pkg/proto/nodes.pb.go:306.42,307.14 1 0
github.com/cirglo.com/dfs/pkg/proto/nodes.pb.go:307.14,309.3 1 0
github.com/cirglo.com/dfs/pkg/proto/nodes.pb.go:310.2,310.11 1 0
github.com/cirglo.com/dfs/pkg/proto/nodes.pb.go:321.36,326.2 4 0
github.com/cirglo.com/dfs/pkg/proto/nodes.pb.go:328.44,330.2 1 0
github.com/cirglo.com/dfs/pkg/proto/nodes.pb.go:332.42,332.43 0 0
github.com/cirglo.com/dfs/pkg/proto/nodes.pb.go:334.64,336.14 2 0
github.com/cirglo.com/dfs/pkg/proto/nodes.pb.go:336.14,338.34 2 0
github.com/cirglo.com/dfs/pkg/proto/nodes.pb.go:338.34,340.4 1 0
github.com/cirglo.com/dfs/pkg/proto/nodes.pb.go:341.3,341.12 1 0
github.com/cirglo.com/dfs/pkg/proto/nodes.pb.go:343.2,343.24 1 0
github.com/cirglo.com/dfs/pkg/proto/nodes.pb.go:347.55,349.2 1 0
github.com/cirglo.com/dfs/pkg/proto/nodes.pb.go:351.54,352.14 1 0
github.com/cirglo.com/dfs/pkg/proto/nodes.pb.go:352.14,354.3 1 0
github.com/cirglo.com/dfs/pkg/proto/nodes.pb.go:355.2,355.12 1 0
github.com/cirglo.com/dfs/pkg/proto/nodes.pb.go:358.45,359.14 1 0
github.com/cirglo.com/dfs/pkg/proto/nodes.pb.go:359.14,361.3 1 0
github.com/cirglo.com/dfs/pkg/proto/nodes.pb.go:362.2,362.12 1 0
github.com/cirglo.com/dfs/pkg/proto/nodes.pb.go:375.37,380.2 4 0
github.com/cirglo.com/dfs/pkg/proto/nodes.pb.go:382.45,384.2 1 0
github.com/cirglo.com/dfs/pkg/proto/nodes.pb.go:386.43,386.44 0 0
github.com/cirglo.com/dfs/pkg/proto/nodes.pb.go:388.65,390.14 2 0
github.com/cirglo.com/dfs/pkg/proto/nodes.pb.go:390.14,392.34 2 0
github.com/cirglo.com/dfs/pkg/proto/nodes.pb.go:392.34,394.4 1 0
github.com/cirglo.com/dfs/pkg/proto/nodes.pb.go:395.3,395.12 1 0
github.com/cirglo.com/dfs/pkg/proto/nodes.pb.go:397.2,397.24 1 0
github.com/cirglo.com/dfs/pkg/proto/nodes.pb.go:401.56,403.2 1 0
github.com/cirglo.com/dfs/pkg/proto/nodes.pb.go:405.44,406.14 1 0
github.com/cirglo.com/dfs/pkg/proto/nodes.pb.go:406.14,408.3 1 0
github.com/cirglo.com/dfs/pkg/proto/nodes.pb.go:409.2,409.11 1 0
github.com/cirglo.com/dfs/pkg/proto/nodes.pb.go:412.46,413.14 1 0
github.com/cirglo.com/dfs/pkg/proto/nodes.pb.go:413.14,415.3 1 0
github.com/cirglo.com/dfs/pkg/proto/nodes.pb.go:416.2,416.11 1 0
github.com/cirglo.com/dfs/pkg/proto/nodes.pb.go:419.50,420.14 1 0
github.com/cirglo.com/dfs/pkg/proto/nodes.pb.go:420.14,422.3 1 0
github.com/cirglo.com/dfs/pkg/proto/nodes.pb.go:423.2,423.10 1 0
github.com/cirglo.com/dfs/pkg/proto/nodes.pb.go:426.46,427.14 1 0
github.com/cirglo.com/dfs/pkg/proto/nodes.pb.go:427.14,429.3 1 0
github.com/cirglo.com/dfs/pkg/proto/nodes.pb.go:430.2,430.12 1 0
github.com/cirglo.com/dfs/pkg/proto/nodes.pb.go:439.38,444.2 4 0
github.com/cirglo.com/dfs/pkg/proto/nodes.pb.go:446.46,448.2 1 0
github.com/cirglo.com/dfs/pkg/proto/nodes.pb.go:450.44,450.45 0 0
github.com/cirglo.com/dfs/pkg/proto/nodes.pb.go:452.66,454.14 2 0
github.com/cirglo.com/dfs/pkg/proto/nodes.pb.go:454.14,456.34 2 0
github.com/cirglo.com/dfs/pkg/proto/nodes.pb.go:456.34,458.4 1 0
github.com/cirglo.com/dfs/pkg/proto/nodes.pb.go:459.3,459.12 1 0
github.com/cirglo.com/dfs/pkg/proto/nodes.pb.go:461.2,461.24 1 0
github.com/cirglo.com/dfs/pkg/proto/nodes.pb.go:465.57,467.2 1 0
github.com/cirglo.com/dfs/pkg/proto/nodes.pb.go:476.38,481.2 4 0
github.com/cirglo.com/dfs/pkg/proto/nodes.pb.go:483.46,485.2 1 0
github.com/cirglo.com/dfs/pkg/proto/nodes.pb.go:487.44,487.45 0 0
github.com/cirglo.com/dfs/pkg/proto/nodes.pb.go:489.66,491.14 2 0
github.com/cirglo.com/dfs/pkg/proto/nodes.pb.go:491.14,493.34 2 0
github.com/cirglo.com/dfs/pkg/proto/nodes.pb.go:493.34,495.4 1 0
github.com/cirglo.com/dfs/pkg/proto/nodes.pb.go:496.3,496.12 1 0
github.com/cirglo.com/dfs/pkg/proto/nodes.pb.go:498.2,498.24 1 0
github.com/cirglo.com/dfs/pkg/proto/nodes.pb.go:502.57,504.2 1 0
github.com/cirglo.com/dfs/pkg/proto/nodes.pb.go:506.45,507.14 1 0
github.com/cirglo.com/dfs/pkg/proto/nodes.pb.go:507.14,509.3 1 0
github.com/cirglo.com/dfs/pkg/proto/nodes.pb.go:510.2,510.11 1 0
github.com/cirglo.com/dfs/pkg/proto/nodes.pb.go:519.39,524.2 4 0
[...]
github.com/cirglo.com/dfs/pkg/name/file.go:802.36,804.19 2 0
github.com/cirglo.com/dfs/pkg/name/file.go:804.19,806.6 1 0
github.com/cirglo.com/dfs/pkg/name/file.go:810.3,810.13 1 0
github.com/cirglo.com/dfs/pkg/name/file.go:812.2,812.16 1 0
github.com/cirglo.com/dfs/pkg/name/file.go:812.16,819.3 1 0
github.com/cirglo.com/dfs/pkg/name/file.go:821.2,821.12 1 0
github.com/cirglo.com/dfs/pkg/name/file.go:824.54,825.55 1 0
github.com/cirglo.com/dfs/pkg/name/file.go:825.55,829.17 3 0
github.com/cirglo.com/dfs/pkg/name/file.go:829.17,831.4 1 0
github.com/cirglo.com/dfs/pkg/name/file.go:833.3,833.40 1 0
github.com/cirglo.com/dfs/pkg/name/file.go:833.40,834.49 1 0
github.com/cirglo.com/dfs/pkg/name/file.go:834.49,835.30 1 0
github.com/cirglo.com/dfs/pkg/name/file.go:835.30,837.20 2 0
github.com/cirglo.com/dfs/pkg/name/file.go:837.20,839.7 1 0
github.com/cirglo.com/dfs/pkg/name/file.go:844.3,844.13 1 0
github.com/cirglo.com/dfs/pkg/name/file.go:846.2,846.16 1 0
github.com/cirglo.com/dfs/pkg/name/file.go:846.16,848.3 1 0
github.com/cirglo.com/dfs/pkg/name/file.go:850.2,850.12 1 0
github.com/cirglo.com/dfs/pkg/name/file.go:853.63,856.55 2 0
github.com/cirglo.com/dfs/pkg/name/file.go:856.55,858.17 2 0
github.com/cirglo.com/dfs/pkg/name/file.go:858.17,860.4 1 0
github.com/cirglo.com/dfs/pkg/name/file.go:861.3,861.13 1 0
github.com/cirglo.com/dfs/pkg/name/file.go:863.2,863.16 1 0
github.com/cirglo.com/dfs/pkg/name/file.go:863.16,865.3 1 0
github.com/cirglo.com/dfs/pkg/name/file.go:867.2,867.24 1 0
github.com/cirglo.com/dfs/pkg/name/healing.go:23.40,24.21 1 0
github.com/cirglo.com/dfs/pkg/name/healing.go:24.21,26.3 1 0
github.com/cirglo.com/dfs/pkg/name/healing.go:28.2,28.26 1 0
github.com/cirglo.com/dfs/pkg/name/healing.go:28.26,30.3 1 0
github.com/cirglo.com/dfs/pkg/name/healing.go:32.2,32.24 1 0
github.com/cirglo.com/dfs/pkg/name/healing.go:32.24,34.3 1 0
github.com/cirglo.com/dfs/pkg/name/healing.go:36.2,36.26 1 0
github.com/cirglo.com/dfs/pkg/name/healing.go:36.26,38.3 1 0
github.com/cirglo.com/dfs/pkg/name/healing.go:40.2,40.32 1 0
github.com/cirglo.com/dfs/pkg/name/healing.go:40.32,42.3 1 0
github.com/cirglo.com/dfs/pkg/name/healing.go:44.2,44.12 1 0
github.com/cirglo.com/dfs/pkg/name/healing.go:60.66,62.16 2 0
github.com/cirglo.com/dfs/pkg/name/healing.go:62.16,64.3 1 0
github.com/cirglo.com/dfs/pkg/name/healing.go:66.2,70.8 1 0
github.com/cirglo.com/dfs/pkg/name/healing.go:73.69,78.2 3 0
github.com/cirglo.com/dfs/pkg/name/healing.go:80.54,83.36 3 0
github.com/cirglo.com/dfs/pkg/name/healing.go:83.36,87.3 3 0
github.com/cirglo.com/dfs/pkg/name/healing.go:89.2,90.16 2 0
github.com/cirglo.com/dfs/pkg/name/healing.go:90.16,92.3 1 0
github.com/cirglo.com/dfs/pkg/name/healing.go:94.2,96.39 2 0
github.com/cirglo.com/dfs/pkg/name/healing.go:96.39,100.48 3 0
github.com/cirglo.com/dfs/pkg/name/healing.go:100.48,103.4 2 0
github.com/cirglo.com/dfs/pkg/name/healing.go:106.2,106.35 1 0
github.com/cirglo.com/dfs/pkg/name/healing.go:106.35,108.3 1 0
github.com/cirglo.com/dfs/pkg/name/healing.go:109.2,109.39 1 0
github.com/cirglo.com/dfs/pkg/name/healing.go:109.39,111.3 1 0
github.com/cirglo.com/dfs/pkg/name/healing.go:113.2,113.34 1 0
github.com/cirglo.com/dfs/pkg/name/healing.go:116.71,122.32 4 0
github.com/cirglo.com/dfs/pkg/name/healing.go:122.32,124.31 2 0
github.com/cirglo.com/dfs/pkg/name/healing.go:124.31,126.4 1 0
github.com/cirglo.com/dfs/pkg/name/healing.go:129.2,129.32 1 0
github.com/cirglo.com/dfs/pkg/name/healing.go:129.32,132.3 2 0
github.com/cirglo.com/dfs/pkg/name/healing.go:134.2,134.17 1 0
github.com/cirglo.com/dfs/pkg/name/healing.go:137.85,143.21 4 0
github.com/cirglo.com/dfs/pkg/name/healing.go:143.21,151.12 3 0
github.com/cirglo.com/dfs/pkg/name/healing.go:151.12,152.45 1 0
github.com/cirglo.com/dfs/pkg/name/healing.go:152.45,153.35 1 0
github.com/cirglo.com/dfs/pkg/name/healing.go:153.35,155.14 2 0
github.com/cirglo.com/dfs/pkg/name/healing.go:157.5,158.54 2 0
github.com/cirglo.com/dfs/pkg/name/healing.go:164.98,167.32 2 0
github.com/cirglo.com/dfs/pkg/name/healing.go:167.32,169.13 2 0
github.com/cirglo.com/dfs/pkg/name/healing.go:169.13,171.4 1 0
github.com/cirglo.com/dfs/pkg/name/healing.go:174.2,174.29 1 0
github.com/cirglo.com/dfs/pkg/name/healing.go:174.29,176.3 1 0
github.com/cirglo.com/dfs/pkg/name/healing.go:178.2,180.33 2 0
github.com/cirglo.com/dfs/pkg/name/healing.go:183.80,185.16 2 0
github.com/cirglo.com/dfs/pkg/name/healing.go:185.16,188.3 2 0
github.com/cirglo.com/dfs/pkg/name/healing.go:189.2,202.16 5 0
github.com/cirglo.com/dfs/pkg/name/healing.go:202.16,211.3 1 0
github.com/cirglo.com/dfs/pkg/name/healing.go:211.8,217.3 1 0
github.com/cirglo.com/dfs/pkg/name/healing.go:220.30,221.23 1 0
github.com/cirglo.com/dfs/pkg/name/healing.go:221.23,224.3 2 0
github.com/cirglo.com/dfs/pkg/name/notificationserver.go:17.154,21.2 3 0
github.com/cirglo.com/dfs/pkg/name/notificationserver.go:23.147,27.2 3 0
github.com/cirglo.com/dfs/pkg/name/notificationserver.go:29.154,33.2 3 0
github.com/cirglo.com/dfs/pkg/name/permission.go:27.52,31.23 3 0
github.com/cirglo.com/dfs/pkg/name/permission.go:31.23,33.3 1 0
github.com/cirglo.com/dfs/pkg/name/permission.go:35.2,35.23 1 0
github.com/cirglo.com/dfs/pkg/name/permission.go:35.23,37.3 1 0
github.com/cirglo.com/dfs/pkg/name/permission.go:39.2,39.12 1 0
github.com/cirglo.com/dfs/pkg/name/principal.go:12.35,14.2 1 0
github.com/cirglo.com/dfs/pkg/name/principal.go:16.39,18.2 1 0
github.com/cirglo.com/dfs/pkg/name/principal.go:20.40,23.36 2 0
github.com/cirglo.com/dfs/pkg/name/principal.go:23.36,25.3 1 0
github.com/cirglo.com/dfs/pkg/name/principal.go:27.2,30.3 1 0
github.com/cirglo.com/dfs/pkg/name/principal.go:33.86,38.51 4 0
github.com/cirglo.com/dfs/pkg/name/principal.go:38.51,41.39 2 0
github.com/cirglo.com/dfs/pkg/name/principal.go:41.39,43.4 1 0
github.com/cirglo.com/dfs/pkg/name/principal.go:45.3,45.40 1 0
github.com/cirglo.com/dfs/pkg/name/principal.go:45.40,47.4 1 0
github.com/cirglo.com/dfs/pkg/name/principal.go:49.3,49.41 1 0
github.com/cirglo.com/dfs/pkg/name/principal.go:49.41,51.4 1 0
github.com/cirglo.com/dfs/pkg/name/principal.go:53.3,53.34 1 0
github.com/cirglo.com/dfs/pkg/name/principal.go:53.34,54.40 1 0
github.com/cirglo.com/dfs/pkg/name/principal.go:54.40,56.5 1 0
github.com/cirglo.com/dfs/pkg/name/principal.go:58.4,58.41 1 0
github.com/cirglo.com/dfs/pkg/name/principal.go:58.41,60.5 1 0
github.com/cirglo.com/dfs/pkg/name/principal.go:62.4,62.42 1 0
github.com/cirglo.com/dfs/pkg/name/principal.go:62.42,64.5 1 0
github.com/cirglo.com/dfs/pkg/name/principal.go:67.3,67.34 1 0
github.com/cirglo.com/dfs/pkg/name/principal.go:67.34,68.34 1 0
github.com/cirglo.com/dfs/pkg/name/principal.go:68.34,69.41 1 0
github.com/cirglo.com/dfs/pkg/name/principal.go:69.41,71.6 1 0
github.com/cirglo.com/dfs/pkg/name/principal.go:73.5,73.42 1 0
github.com/cirglo.com/dfs/pkg/name/principal.go:73.42,75.6 1 0
github.com/cirglo.com/dfs/pkg/name/principal.go:77.5,77.43 1 0
github.com/cirglo.com/dfs/pkg/name/principal.go:77.43,79.6 1 0
github.com/cirglo.com/dfs/pkg/name/principal.go:81.5,81.41 1 0
github.com/cirglo.com/dfs/pkg/name/principal.go:81.41,87.6 1 0
github.com/cirglo.com/dfs/pkg/name/principal.go:91.3,91.39 1 0
github.com/cirglo.com/dfs/pkg/name/principal.go:91.39,97.4 1 0
github.com/cirglo.com/dfs/pkg/name/principal.go:100.2,104.3 1 0
github.com/cirglo.com/dfs/pkg/name/principal.go:110.35,112.2 1 1
github.com/cirglo.com/dfs/pkg/name/principal.go:114.74,120.2 1 1
github.com/cirglo.com/dfs/pkg/name/privileges.go:9.52,15.2 1 0
github.com/cirglo.com/dfs/pkg/name/security.go:39.34,41.2 1 0
github.com/cirglo.com/dfs/pkg/name/security.go:66.48,67.21 1 0
github.com/cirglo.com/dfs/pkg/name/security.go:67.21,69.3 1 0
github.com/cirglo.com/dfs/pkg/name/security.go:70.2,70.17 1 0
github.com/cirglo.com/dfs/pkg/name/security.go:70.17,72.3 1 0
github.com/cirglo.com/dfs/pkg/name/security.go:73.2,73.29 1 0
github.com/cirglo.com/dfs/pkg/name/security.go:73.29,75.3 1 0
github.com/cirglo.com/dfs/pkg/name/security.go:77.2,77.12 1 0
github.com/cirglo.com/dfs/pkg/name/security.go:84.76,85.40 1 0
github.com/cirglo.com/dfs/pkg/name/security.go:85.40,87.3 1 0
github.com/cirglo.com/dfs/pkg/name/security.go:88.2,91.15 2 0
github.com/cirglo.com/dfs/pkg/name/security.go:94.55,95.55 1 0
github.com/cirglo.com/dfs/pkg/name/security.go:95.55,99.45 3 0
github.com/cirglo.com/dfs/pkg/name/security.go:99.45,101.4 1 0
github.com/cirglo.com/dfs/pkg/name/security.go:104.3,105.22 2 0
github.com/cirglo.com/dfs/pkg/name/security.go:105.22,107.4 1 0
github.com/cirglo.com/dfs/pkg/name/security.go:109.3,109.13 1 0
github.com/cirglo.com/dfs/pkg/name/security.go:112.2,112.16 1 0
github.com/cirglo.com/dfs/pkg/name/security.go:112.16,114.3 1 0
github.com/cirglo.com/dfs/pkg/name/security.go:116.2,116.12 1 0
github.com/cirglo.com/dfs/pkg/name/security.go:119.61,120.55 1 0
github.com/cirglo.com/dfs/pkg/name/security.go:120.55,124.46 3 0
github.com/cirglo.com/dfs/pkg/name/security.go:124.46,126.4 1 0
github.com/cirglo.com/dfs/pkg/name/security.go:129.3,130.22 2 0
github.com/cirglo.com/dfs/pkg/name/security.go:130.22,132.4 1 0
github.com/cirglo.com/dfs/pkg/name/security.go:134.3,134.13 1 0
github.com/cirglo.com/dfs/pkg/name/security.go:137.2,137.16 1 0
github.com/cirglo.com/dfs/pkg/name/security.go:137.16,139.3 1 0
github.com/cirglo.com/dfs/pkg/name/security.go:141.2,141.12 1 0
github.com/cirglo.com/dfs/pkg/name/security.go:144.66,146.55 2 0
github.com/cirglo.com/dfs/pkg/name/security.go:146.55,149.46 2 0
github.com/cirglo.com/dfs/pkg/name/security.go:149.46,151.4 1 0
github.com/cirglo.com/dfs/pkg/name/security.go:153.3,153.13 1 0
github.com/cirglo.com/dfs/pkg/name/security.go:155.2,155.16 1 0
github.com/cirglo.com/dfs/pkg/name/security.go:155.16,157.3 1 0
github.com/cirglo.com/dfs/pkg/name/security.go:159.2,159.18 1 0
github.com/cirglo.com/dfs/pkg/name/security.go:162.57,164.55 2 0
github.com/cirglo.com/dfs/pkg/name/security.go:164.55,167.22 2 0
github.com/cirglo.com/dfs/pkg/name/security.go:167.22,169.4 1 0
github.com/cirglo.com/dfs/pkg/name/security.go:171.3,171.13 1 0
github.com/cirglo.com/dfs/pkg/name/security.go:173.2,173.16 1 0
github.com/cirglo.com/dfs/pkg/name/security.go:173.16,175.3 1 0
github.com/cirglo.com/dfs/pkg/name/security.go:177.2,177.19 1 0
github.com/cirglo.com/dfs/pkg/name/security.go:180.69,182.55 2 0
github.com/cirglo.com/dfs/pkg/name/security.go:182.55,185.46 2 0
github.com/cirglo.com/dfs/pkg/name/security.go:185.46,187.4 1 0
github.com/cirglo.com/dfs/pkg/name/security.go:189.3,189.13 1 0
github.com/cirglo.com/dfs/pkg/name/security.go:191.2,191.16 1 0
github.com/cirglo.com/dfs/pkg/name/security.go:191.16,193.3 1 0
github.com/cirglo.com/dfs/pkg/name/security.go:195.2,195.19 1 0
github.com/cirglo.com/dfs/pkg/name/security.go:198.59,200.55 2 0
github.com/cirglo.com/dfs/pkg/name/security.go:200.55,203.22 2 0
github.com/cirglo.com/dfs/pkg/name/security.go:203.22,205.4 1 0
github.com/cirglo.com/dfs/pkg/name/security.go:207.3,207.13 1 0
github.com/cirglo.com/dfs/pkg/name/security.go:209.2,209.16 1 0
github.com/cirglo.com/dfs/pkg/name/security.go:209.16,211.3 1 0
github.com/cirglo.com/dfs/pkg/name/security.go:213.2,213.20 1 0
github.com/cirglo.com/dfs/pkg/name/security.go:216.58,217.55 1 0
github.com/cirglo.com/dfs/pkg/name/security.go:217.55,221.45 3 0
github.com/cirglo.com/dfs/pkg/name/security.go:221.45,223.4 1 0
github.com/cirglo.com/dfs/pkg/name/security.go:226.3,227.22 2 0
github.com/cirglo.com/dfs/pkg/name/security.go:227.22,229.4 1 0
github.com/cirglo.com/dfs/pkg/name/security.go:231.3,231.13 1 0
github.com/cirglo.com/dfs/pkg/name/security.go:233.2,233.16 1 0
github.com/cirglo.com/dfs/pkg/name/security.go:233.16,235.3 1 0
github.com/cirglo.com/dfs/pkg/name/security.go:237.2,237.12 1 0
github.com/cirglo.com/dfs/pkg/name/security.go:240.63,241.55 1 0
github.com/cirglo.com/dfs/pkg/name/security.go:241.55,245.46 3 0
github.com/cirglo.com/dfs/pkg/name/security.go:245.46,247.4 1 0
github.com/cirglo.com/dfs/pkg/name/security.go:250.3,251.22 2 0
github.com/cirglo.com/dfs/pkg/name/security.go:251.22,253.4 1 0
github.com/cirglo.com/dfs/pkg/name/security.go:255.3,255.13 1 0
github.com/cirglo.com/dfs/pkg/name/security.go:257.2,257.16 1 0
github.com/cirglo.com/dfs/pkg/name/security.go:257.16,259.3 1 0
github.com/cirglo.com/dfs/pkg/name/security.go:261.2,261.12 1 0
github.com/cirglo.com/dfs/pkg/name/security.go:264.83,265.55 1 0
github.com/cirglo.com/dfs/pkg/name/security.go:265.55,269.46 3 0
github.com/cirglo.com/dfs/pkg/name/security.go:269.46,271.4 1 0
github.com/cirglo.com/dfs/pkg/name/security.go:274.3,276.46 3 0
github.com/cirglo.com/dfs/pkg/name/security.go:276.46,278.4 1 0
github.com/cirglo.com/dfs/pkg/name/security.go:280.3,281.17 2 0
github.com/cirglo.com/dfs/pkg/name/security.go:281.17,283.4 1 0
github.com/cirglo.com/dfs/pkg/name/security.go:285.3,285.13 1 0
github.com/cirglo.com/dfs/pkg/name/security.go:287.2,287.16 1 0
github.com/cirglo.com/dfs/pkg/name/security.go:287.16,289.3 1 0
github.com/cirglo.com/dfs/pkg/name/security.go:291.2,291.12 1 0
github.com/cirglo.com/dfs/pkg/name/security.go:294.88,295.55 1 0
github.com/cirglo.com/dfs/pkg/name/security.go:295.55,299.46 3 0
github.com/cirglo.com/dfs/pkg/name/security.go:299.46,301.4 1 0
github.com/cirglo.com/dfs/pkg/name/security.go:304.3,306.46 3 0
github.com/cirglo.com/dfs/pkg/name/security.go:306.46,308.4 1 0
github.com/cirglo.com/dfs/pkg/name/security.go:310.3,311.17 2 0
github.com/cirglo.com/dfs/pkg/name/security.go:311.17,313.4 1 0
github.com/cirglo.com/dfs/pkg/name/security.go:315.3,315.13 1 0
github.com/cirglo.com/dfs/pkg/name/security.go:317.2,317.16 1 0
github.com/cirglo.com/dfs/pkg/name/security.go:317.16,319.3 1 0
github.com/cirglo.com/dfs/pkg/name/security.go:321.2,321.12 1 0
github.com/cirglo.com/dfs/pkg/name/security.go:324.94,326.55 2 0
github.com/cirglo.com/dfs/pkg/name/security.go:326.55,329.46 3 0
github.com/cirglo.com/dfs/pkg/name/security.go:329.46,331.4 1 0
github.com/cirglo.com/dfs/pkg/name/security.go:333.3,333.38 1 0
github.com/cirglo.com/dfs/pkg/name/security.go:333.38,335.4 1 0
github.com/cirglo.com/dfs/pkg/name/security.go:338.3,340.17 3 0
github.com/cirglo.com/dfs/pkg/name/security.go:340.17,342.4 1 0
github.com/cirglo.com/dfs/pkg/name/security.go:343.3,351.22 4 0
github.com/cirglo.com/dfs/pkg/name/security.go:351.22,353.4 1 0
github.com/cirglo.com/dfs/pkg/name/security.go:355.3,357.13 2 0
github.com/cirglo.com/dfs/pkg/name/security.go:359.2,359.16 1 0
github.com/cirglo.com/dfs/pkg/name/security.go:359.16,361.3 1 0
github.com/cirglo.com/dfs/pkg/name/security.go:363.2,363.15 1 0
github.com/cirglo.com/dfs/pkg/name/security.go:366.89,367.55 1 0
github.com/cirglo.com/dfs/pkg/name/security.go:367.55,371.46 3 0
github.com/cirglo.com/dfs/pkg/name/security.go:371.46,373.4 1 0
github.com/cirglo.com/dfs/pkg/name/security.go:376.3,378.22 3 0
github.com/cirglo.com/dfs/pkg/name/security.go:378.22,380.4 1 0
github.com/cirglo.com/dfs/pkg/name/security.go:382.3,382.13 1 0
github.com/cirglo.com/dfs/pkg/name/security.go:384.2,384.16 1 0
github.com/cirglo.com/dfs/pkg/name/security.go:384.16,386.3 1 0
github.com/cirglo.com/dfs/pkg/name/security.go:388.2,388.12 1 0
github.com/cirglo.com/dfs/pkg/name/security.go:391.54,392.55 1 0
github.com/cirglo.com/dfs/pkg/name/security.go:392.55,396.46 3 0
github.com/cirglo.com/dfs/pkg/name/security.go:396.46,398.4 1 0
github.com/cirglo.com/dfs/pkg/name/security.go:401.3,402.22 2 0
github.com/cirglo.com/dfs/pkg/name/security.go:402.22,404.4 1 0
github.com/cirglo.com/dfs/pkg/name/security.go:406.3,406.13 1 0
github.com/cirglo.com/dfs/pkg/name/security.go:408.2,408.16 1 0
github.com/cirglo.com/dfs/pkg/name/security.go:408.16,410.3 1 0
github.com/cirglo.com/dfs/pkg/name/security.go:412.2,412.12 1 0
github.com/cirglo.com/dfs/pkg/name/security.go:415.73,417.55 2 0
github.com/cirglo.com/dfs/pkg/name/security.go:417.55,421.22 3 0
github.com/cirglo.com/dfs/pkg/name/security.go:421.22,423.4 1 0
github.com/cirglo.com/dfs/pkg/name/security.go:425.3,425.30 1 0
github.com/cirglo.com/dfs/pkg/name/security.go:425.30,427.4 1 0
github.com/cirglo.com/dfs/pkg/name/security.go:429.3,431.13 2 0
github.com/cirglo.com/dfs/pkg/name/security.go:433.2,433.16 1 0
github.com/cirglo.com/dfs/pkg/name/security.go:433.16,435.3 1 0
github.com/cirglo.com/dfs/pkg/name/security.go:437.2,437.18 1 0
github.com/cirglo.com/dfs/pkg/name/security.go:440.76,443.55 2 0
github.com/cirglo.com/dfs/pkg/name/security.go:443.55,447.22 3 0
github.com/cirglo.com/dfs/pkg/name/security.go:447.22,449.4 1 0
github.com/cirglo.com/dfs/pkg/name/security.go:451.3,451.27 1 0
github.com/cirglo.com/dfs/pkg/name/security.go:451.27,454.4 2 0
github.com/cirglo.com/dfs/pkg/name/security.go:456.3,456.31 1 0
github.com/cirglo.com/dfs/pkg/name/security.go:456.31,458.4 1 0
github.com/cirglo.com/dfs/pkg/name/security.go:460.3,460.13 1 0
github.com/cirglo.com/dfs/pkg/name/security.go:462.2,462.16 1 0
github.com/cirglo.com/dfs/pkg/name/security.go:462.16,465.3 2 0
github.com/cirglo.com/dfs/pkg/name/security.go:467.2,467.14 1 0
github.com/cirglo.com/dfs/pkg/name/server.go:21.103,23.16 2 0
github.com/cirglo.com/dfs/pkg/name/server.go:23.16,25.3 1 0
github.com/cirglo.com/dfs/pkg/name/server.go:27.2,29.8 1 0
github.com/cirglo.com/dfs/pkg/name/server.go:32.106,34.16 2 0
github.com/cirglo.com/dfs/pkg/name/server.go:34.16,36.3 1 0
github.com/cirglo.com/dfs/pkg/name/server.go:38.2,38.37 1 0
github.com/cirglo.com/dfs/pkg/name/server.go:41.70,46.2 1 0
github.com/cirglo.com/dfs/pkg/name/server.go:48.74,56.2 1 0
github.com/cirglo.com/dfs/pkg/name/server.go:58.72,63.2 1 0
github.com/cirglo.com/dfs/pkg/name/server.go:65.76,73.2 1 0
github.com/cirglo.com/dfs/pkg/name/server.go:75.118,77.16 2 0
github.com/cirglo.com/dfs/pkg/name/server.go:77.16,79.3 1 0
github.com/cirglo.com/dfs/pkg/name/server.go:80.2,83.16 4 0
github.com/cirglo.com/dfs/pkg/name/server.go:83.16,85.3 1 0
github.com/cirglo.com/dfs/pkg/name/server.go:86.2,86.41 1 0
github.com/cirglo.com/dfs/pkg/name/server.go:89.115,91.16 2 0
github.com/cirglo.com/dfs/pkg/name/server.go:91.16,93.3 1 0
github.com/cirglo.com/dfs/pkg/name/server.go:94.2,97.16 4 0
github.com/cirglo.com/dfs/pkg/name/server.go:97.16,99.3 1 0
github.com/cirglo.com/dfs/pkg/name/server.go:100.2,100.40 1 0
github.com/cirglo.com/dfs/pkg/name/server.go:103.118,105.16 2 0
github.com/cirglo.com/dfs/pkg/name/server.go:105.16,107.3 1 0
github.com/cirglo.com/dfs/pkg/name/server.go:108.2,110.16 3 0
github.com/cirglo.com/dfs/pkg/name/server.go:110.16,112.3 1 0
github.com/cirglo.com/dfs/pkg/name/server.go:113.2,113.41 1 0
github.com/cirglo.com/dfs/pkg/name/server.go:116.115,118.16 2 0
github.com/cirglo.com/dfs/pkg/name/server.go:118.16,120.3 1 0
github.com/cirglo.com/dfs/pkg/name/server.go:121.2,123.16 3 0
github.com/cirglo.com/dfs/pkg/name/server.go:123.16,125.3 1 0
github.com/cirglo.com/dfs/pkg/name/server.go:126.2,126.40 1 0
github.com/cirglo.com/dfs/pkg/name/server.go:129.86,139.2 2 0
github.com/cirglo.com/dfs/pkg/name/server.go:141.100,143.16 2 0
github.com/cirglo.com/dfs/pkg/name/server.go:143.16,145.3 1 0
github.com/cirglo.com/dfs/pkg/name/server.go:146.2,149.16 3 0
github.com/cirglo.com/dfs/pkg/name/server.go:149.16,151.3 1 0
github.com/cirglo.com/dfs/pkg/name/server.go:153.2,155.37 2 0
github.com/cirglo.com/dfs/pkg/name/server.go:155.37,157.3 1 0
github.com/cirglo.com/dfs/pkg/name/server.go:159.2,162.8 1 0
github.com/cirglo.com/dfs/pkg/name/server.go:165.76,172.2 1 0
github.com/cirglo.com/dfs/pkg/name/server.go:174.100,176.16 2 0
github.com/cirglo.com/dfs/pkg/name/server.go:176.16,178.3 1 0
github.com/cirglo.com/dfs/pkg/name/server.go:179.2,181.16 3 0
github.com/cirglo.com/dfs/pkg/name/server.go:181.16,183.3 1 0
github.com/cirglo.com/dfs/pkg/name/server.go:185.2,186.16 2 0
github.com/cirglo.com/dfs/pkg/name/server.go:186.16,188.3 1 0
github.com/cirglo.com/dfs/pkg/name/server.go:190.2,192.39 2 0
github.com/cirglo.com/dfs/pkg/name/server.go:192.39,194.3 1 0
github.com/cirglo.com/dfs/pkg/name/server.go:196.2,200.8 1 0
